[0.013s] Invoking command in '/home/quin/project_ws/quin_ws/build/quin_core': CMAKE_PREFIX_PATH=${CMAKE_PREFIX_PATH}:/home/quin/quin_ws/install:/opt/ros/jazzy /usr/bin/cmake /home/quin/project_ws/quin_ws/src/quin_core -DCMAKE_INSTALL_PREFIX=/home/quin/project_ws/quin_ws/install/quin_core
[0.115s] -- The C compiler identification is GNU 13.3.0
[0.215s] -- The CXX compiler identification is GNU 13.3.0
[0.243s] -- Detecting C compiler ABI info
[0.395s] -- Detecting C compiler ABI info - done
[0.411s] -- Check for working C compiler: /usr/bin/cc - skipped
[0.411s] -- Detecting C compile features
[0.412s] -- Detecting C compile features - done
[0.426s] -- Detecting CXX compiler ABI info
[0.599s] -- Detecting CXX compiler ABI info - done
[0.615s] -- Check for working CXX compiler: /usr/bin/c++ - skipped
[0.615s] -- Detecting CXX compile features
[0.616s] -- Detecting CXX compile features - done
[0.619s] -- Found ament_cmake: 2.5.4 (/opt/ros/jazzy/share/ament_cmake/cmake)
[0.840s] -- Found Python3: /usr/bin/python3 (found version "3.12.3") found components: Interpreter 
[0.996s] -- Found tf2: 0.36.12 (/opt/ros/jazzy/share/tf2/cmake)
[1.046s] -- Found rosidl_generator_c: 4.6.5 (/opt/ros/jazzy/share/rosidl_generator_c/cmake)
[1.064s] -- Found rosidl_generator_cpp: 4.6.5 (/opt/ros/jazzy/share/rosidl_generator_cpp/cmake)
[1.085s] -- Using all available rosidl_typesupport_c: rosidl_typesupport_fastrtps_c;rosidl_typesupport_introspection_c
[1.110s] -- Using all available rosidl_typesupport_cpp: rosidl_typesupport_fastrtps_cpp;rosidl_typesupport_introspection_cpp
[1.176s] -- Found rclpy: 7.1.4 (/opt/ros/jazzy/share/rclpy/cmake)
[1.178s] -- Found rclcpp: 28.1.10 (/opt/ros/jazzy/share/rclcpp/cmake)
[1.260s] -- Found rmw_implementation_cmake: 7.3.2 (/opt/ros/jazzy/share/rmw_implementation_cmake/cmake)
[1.263s] -- Found rmw_fastrtps_cpp: 8.4.2 (/opt/ros/jazzy/share/rmw_fastrtps_cpp/cmake)
[1.388s] -- Found OpenSSL: /usr/lib/aarch64-linux-gnu/libcrypto.so (found version "3.0.13")  
[1.413s] -- Found FastRTPS: /opt/ros/jazzy/include (Required is at least version "2.13") 
[1.448s] -- Using RMW implementation 'rmw_fastrtps_cpp' as default
[1.550s] -- Found OpenCV: /usr (found version "4.6.0") 
[1.552s] -- Found cv_bridge: 4.1.0 (/opt/ros/jazzy/share/cv_bridge/cmake)
[1.593s] -- Found rclcpp_action: 28.1.10 (/opt/ros/jazzy/share/rclcpp_action/cmake)
[1.650s] -- Found tf2_geometry_msgs: 0.36.12 (/opt/ros/jazzy/share/tf2_geometry_msgs/cmake)
[1.665s] -- Found eigen3_cmake_module: 0.3.0 (/opt/ros/jazzy/share/eigen3_cmake_module/cmake)
[1.666s] -- Found Eigen3: TRUE (found version "3.4.0") 
[1.667s] -- Ensuring Eigen3 include directory is part of orocos-kdl CMake target
[1.959s] -- Found ament_lint_auto: 0.17.2 (/opt/ros/jazzy/share/ament_lint_auto/cmake)
[2.116s] -- Configuring done (2.1s)
[2.126s] -- Generating done (0.0s)
[2.131s] -- Build files have been written to: /home/quin/project_ws/quin_ws/build/quin_core
[2.152s] Invoked command in '/home/quin/project_ws/quin_ws/build/quin_core' returned '0': CMAKE_PREFIX_PATH=${CMAKE_PREFIX_PATH}:/home/quin/quin_ws/install:/opt/ros/jazzy /usr/bin/cmake /home/quin/project_ws/quin_ws/src/quin_core -DCMAKE_INSTALL_PREFIX=/home/quin/project_ws/quin_ws/install/quin_core
[2.154s] Invoking command in '/home/quin/project_ws/quin_ws/build/quin_core': CMAKE_PREFIX_PATH=${CMAKE_PREFIX_PATH}:/home/quin/quin_ws/install:/opt/ros/jazzy /usr/bin/cmake --build /home/quin/project_ws/quin_ws/build/quin_core -- -j4 -l4
[2.256s] Built target ament_cmake_python_copy_quin_core
[2.545s] running egg_info
[2.546s] creating quin_core.egg-info
[2.569s] writing quin_core.egg-info/PKG-INFO
[2.569s] writing dependency_links to quin_core.egg-info/dependency_links.txt
[2.569s] writing top-level names to quin_core.egg-info/top_level.txt
[2.570s] writing manifest file 'quin_core.egg-info/SOURCES.txt'
[2.635s] reading manifest file 'quin_core.egg-info/SOURCES.txt'
[2.635s] writing manifest file 'quin_core.egg-info/SOURCES.txt'
[2.701s] Built target ament_cmake_python_build_quin_core_egg
[2.721s] Invoked command in '/home/quin/project_ws/quin_ws/build/quin_core' returned '0': CMAKE_PREFIX_PATH=${CMAKE_PREFIX_PATH}:/home/quin/quin_ws/install:/opt/ros/jazzy /usr/bin/cmake --build /home/quin/project_ws/quin_ws/build/quin_core -- -j4 -l4
[2.739s] Invoking command in '/home/quin/project_ws/quin_ws/build/quin_core': CMAKE_PREFIX_PATH=${CMAKE_PREFIX_PATH}:/home/quin/quin_ws/install:/opt/ros/jazzy /usr/bin/cmake --install /home/quin/project_ws/quin_ws/build/quin_core
[2.753s] -- Install configuration: ""
[2.754s] -- Installing: /home/quin/project_ws/quin_ws/install/quin_core/share/quin_core/launch
[2.754s] -- Installing: /home/quin/project_ws/quin_ws/install/quin_core/share/quin_core/launch/joystickController.launch.py
[2.754s] -- Installing: /home/quin/project_ws/quin_ws/install/quin_core/share/quin_core/launch/microros.launch.py
[2.754s] -- Installing: /home/quin/project_ws/quin_ws/install/quin_core/share/quin_core/launch/bot_bringup.launch.py
[2.754s] -- Installing: /home/quin/project_ws/quin_ws/install/quin_core/share/quin_core/scripts
[2.754s] -- Installing: /home/quin/project_ws/quin_ws/install/quin_core/share/quin_core/scripts/cmd_move.py
[2.755s] -- Installing: /home/quin/project_ws/quin_ws/install/quin_core/share/quin_core/scripts/joystick_control
[2.755s] -- Installing: /home/quin/project_ws/quin_ws/install/quin_core/share/quin_core/scripts/joystick_control.py
[2.755s] -- Installing: /home/quin/project_ws/quin_ws/install/quin_core/share/quin_core/config
[2.755s] -- Installing: /home/quin/project_ws/quin_ws/install/quin_core/share/quin_core/config/locations.yaml
[2.755s] -- Installing: /home/quin/project_ws/quin_ws/install/quin_core/share/quin_core/config/motor_config.yaml
[2.755s] -- Installing: /home/quin/project_ws/quin_ws/install/quin_core/share/quin_core/environment/pythonpath.sh
[2.755s] -- Installing: /home/quin/project_ws/quin_ws/install/quin_core/share/quin_core/environment/pythonpath.dsv
[2.756s] -- Installing: /home/quin/project_ws/quin_ws/install/quin_core/lib/python3.12/site-packages/quin_core-2.1.5-py3.12.egg-info
[2.756s] -- Installing: /home/quin/project_ws/quin_ws/install/quin_core/lib/python3.12/site-packages/quin_core-2.1.5-py3.12.egg-info/SOURCES.txt
[2.756s] -- Installing: /home/quin/project_ws/quin_ws/install/quin_core/lib/python3.12/site-packages/quin_core-2.1.5-py3.12.egg-info/top_level.txt
[2.756s] -- Installing: /home/quin/project_ws/quin_ws/install/quin_core/lib/python3.12/site-packages/quin_core-2.1.5-py3.12.egg-info/PKG-INFO
[2.756s] -- Installing: /home/quin/project_ws/quin_ws/install/quin_core/lib/python3.12/site-packages/quin_core-2.1.5-py3.12.egg-info/dependency_links.txt
[2.756s] -- Installing: /home/quin/project_ws/quin_ws/install/quin_core/lib/python3.12/site-packages/quin_core
[2.757s] -- Installing: /home/quin/project_ws/quin_ws/install/quin_core/lib/python3.12/site-packages/quin_core/__init__.py
[2.812s] Listing '/home/quin/project_ws/quin_ws/install/quin_core/lib/python3.12/site-packages/quin_core'...
[2.812s] Compiling '/home/quin/project_ws/quin_ws/install/quin_core/lib/python3.12/site-packages/quin_core/__init__.py'...
[2.824s] -- Installing: /home/quin/project_ws/quin_ws/install/quin_core/lib/quin_core/joystick_control.py
[2.824s] -- Installing: /home/quin/project_ws/quin_ws/install/quin_core/lib/quin_core/cmd_move.py
[2.824s] -- Installing: /home/quin/project_ws/quin_ws/install/quin_core/lib/quin_core/src/controller.py
[2.824s] -- Installing: /home/quin/project_ws/quin_ws/install/quin_core/lib/quin_core/src/utilize.py
[2.825s] -- Installing: /home/quin/project_ws/quin_ws/install/quin_core/share/ament_index/resource_index/package_run_dependencies/quin_core
[2.825s] -- Installing: /home/quin/project_ws/quin_ws/install/quin_core/share/ament_index/resource_index/parent_prefix_path/quin_core
[2.825s] -- Installing: /home/quin/project_ws/quin_ws/install/quin_core/share/quin_core/environment/ament_prefix_path.sh
[2.825s] -- Installing: /home/quin/project_ws/quin_ws/install/quin_core/share/quin_core/environment/ament_prefix_path.dsv
[2.826s] -- Installing: /home/quin/project_ws/quin_ws/install/quin_core/share/quin_core/environment/path.sh
[2.826s] -- Installing: /home/quin/project_ws/quin_ws/install/quin_core/share/quin_core/environment/path.dsv
[2.826s] -- Installing: /home/quin/project_ws/quin_ws/install/quin_core/share/quin_core/local_setup.bash
[2.826s] -- Installing: /home/quin/project_ws/quin_ws/install/quin_core/share/quin_core/local_setup.sh
[2.826s] -- Installing: /home/quin/project_ws/quin_ws/install/quin_core/share/quin_core/local_setup.zsh
[2.826s] -- Installing: /home/quin/project_ws/quin_ws/install/quin_core/share/quin_core/local_setup.dsv
[2.827s] -- Installing: /home/quin/project_ws/quin_ws/install/quin_core/share/quin_core/package.dsv
[2.827s] -- Installing: /home/quin/project_ws/quin_ws/install/quin_core/share/ament_index/resource_index/packages/quin_core
[2.827s] -- Installing: /home/quin/project_ws/quin_ws/install/quin_core/share/quin_core/cmake/quin_coreConfig.cmake
[2.827s] -- Installing: /home/quin/project_ws/quin_ws/install/quin_core/share/quin_core/cmake/quin_coreConfig-version.cmake
[2.827s] -- Installing: /home/quin/project_ws/quin_ws/install/quin_core/share/quin_core/package.xml
[2.831s] Invoked command in '/home/quin/project_ws/quin_ws/build/quin_core' returned '0': CMAKE_PREFIX_PATH=${CMAKE_PREFIX_PATH}:/home/quin/quin_ws/install:/opt/ros/jazzy /usr/bin/cmake --install /home/quin/project_ws/quin_ws/build/quin_core
