[0.319s] DEBUG:colcon:Command line arguments: ['/usr/bin/colcon', 'build']
[0.319s] DEBUG:colcon:Parsed command line arguments: Namespace(log_base=None, log_level=None, verb_name='build', build_base='build', install_base='install', merge_install=False, symlink_install=False, test_result_base=None, continue_on_error=False, executor='parallel', parallel_workers=4, event_handlers=None, ignore_user_meta=False, metas=['./colcon.meta'], base_paths=['.'], packages_ignore=None, packages_ignore_regex=None, paths=None, packages_up_to=None, packages_up_to_regex=None, packages_above=None, packages_above_and_dependencies=None, packages_above_depth=None, packages_select_by_dep=None, packages_skip_by_dep=None, packages_skip_up_to=None, packages_select_build_failed=False, packages_skip_build_finished=False, packages_select_test_failures=False, packages_skip_test_passed=False, packages_select=None, packages_skip=None, packages_select_regex=None, packages_skip_regex=None, packages_start=None, packages_end=None, allow_overriding=[], cmake_args=None, cmake_target=None, cmake_target_skip_unavailable=False, cmake_clean_cache=False, cmake_clean_first=False, cmake_force_configure=False, ament_cmake_args=None, catkin_cmake_args=None, catkin_skip_building_tests=False, verb_parser=<colcon_defaults.argument_parser.defaults.DefaultArgumentsDecorator object at 0xffff94bdc080>, verb_extension=<colcon_core.verb.build.BuildVerb object at 0xffff94ef5070>, main=<bound method BuildVerb.main of <colcon_core.verb.build.BuildVerb object at 0xffff94ef5070>>)
[0.457s] Level 1:colcon.colcon_core.package_discovery:discover_packages(colcon_meta) check parameters
[0.457s] Level 1:colcon.colcon_core.package_discovery:discover_packages(recursive) check parameters
[0.457s] Level 1:colcon.colcon_core.package_discovery:discover_packages(ignore) check parameters
[0.457s] Level 1:colcon.colcon_core.package_discovery:discover_packages(path) check parameters
[0.458s] Level 1:colcon.colcon_core.package_discovery:discover_packages(colcon_meta) discover
[0.458s] Level 1:colcon.colcon_core.package_discovery:discover_packages(recursive) discover
[0.458s] INFO:colcon.colcon_core.package_discovery:Crawling recursively for packages in '/home/quin/project_ws/quin_ws'
[0.458s] Level 1:colcon.colcon_core.package_identification:_identify(.) by extensions ['ignore', 'ignore_ament_install']
[0.458s] Level 1:colcon.colcon_core.package_identification:_identify(.) by extension 'ignore'
[0.458s] Level 1:colcon.colcon_core.package_identification:_identify(.) by extension 'ignore_ament_install'
[0.458s] Level 1:colcon.colcon_core.package_identification:_identify(.) by extensions ['colcon_pkg']
[0.458s] Level 1:colcon.colcon_core.package_identification:_identify(.) by extension 'colcon_pkg'
[0.458s] Level 1:colcon.colcon_core.package_identification:_identify(.) by extensions ['colcon_meta']
[0.458s] Level 1:colcon.colcon_core.package_identification:_identify(.) by extension 'colcon_meta'
[0.458s] Level 1:colcon.colcon_core.package_identification:_identify(.) by extensions ['ros']
[0.458s] Level 1:colcon.colcon_core.package_identification:_identify(.) by extension 'ros'
[0.515s] Level 1:colcon.colcon_core.package_identification:_identify(.) by extensions ['cmake', 'python']
[0.515s] Level 1:colcon.colcon_core.package_identification:_identify(.) by extension 'cmake'
[0.515s] Level 1:colcon.colcon_core.package_identification:_identify(.) by extension 'python'
[0.515s] Level 1:colcon.colcon_core.package_identification:_identify(.) by extensions ['python_setup_py']
[0.515s] Level 1:colcon.colcon_core.package_identification:_identify(.) by extension 'python_setup_py'
[0.515s] Level 1:colcon.colcon_core.package_identification:_identify(build) by extensions ['ignore', 'ignore_ament_install']
[0.516s] Level 1:colcon.colcon_core.package_identification:_identify(build) by extension 'ignore'
[0.516s] Level 1:colcon.colcon_core.package_identification:_identify(build) ignored
[0.516s] Level 1:colcon.colcon_core.package_identification:_identify(install) by extensions ['ignore', 'ignore_ament_install']
[0.516s] Level 1:colcon.colcon_core.package_identification:_identify(install) by extension 'ignore'
[0.516s] Level 1:colcon.colcon_core.package_identification:_identify(install) ignored
[0.516s] Level 1:colcon.colcon_core.package_identification:_identify(log) by extensions ['ignore', 'ignore_ament_install']
[0.516s] Level 1:colcon.colcon_core.package_identification:_identify(log) by extension 'ignore'
[0.516s] Level 1:colcon.colcon_core.package_identification:_identify(log) ignored
[0.516s] Level 1:colcon.colcon_core.package_identification:_identify(src) by extensions ['ignore', 'ignore_ament_install']
[0.516s] Level 1:colcon.colcon_core.package_identification:_identify(src) by extension 'ignore'
[0.516s] Level 1:colcon.colcon_core.package_identification:_identify(src) by extension 'ignore_ament_install'
[0.517s] Level 1:colcon.colcon_core.package_identification:_identify(src) by extensions ['colcon_pkg']
[0.517s] Level 1:colcon.colcon_core.package_identification:_identify(src) by extension 'colcon_pkg'
[0.517s] Level 1:colcon.colcon_core.package_identification:_identify(src) by extensions ['colcon_meta']
[0.517s] Level 1:colcon.colcon_core.package_identification:_identify(src) by extension 'colcon_meta'
[0.517s] Level 1:colcon.colcon_core.package_identification:_identify(src) by extensions ['ros']
[0.517s] Level 1:colcon.colcon_core.package_identification:_identify(src) by extension 'ros'
[0.517s] Level 1:colcon.colcon_core.package_identification:_identify(src) by extensions ['cmake', 'python']
[0.517s] Level 1:colcon.colcon_core.package_identification:_identify(src) by extension 'cmake'
[0.517s] Level 1:colcon.colcon_core.package_identification:_identify(src) by extension 'python'
[0.517s] Level 1:colcon.colcon_core.package_identification:_identify(src) by extensions ['python_setup_py']
[0.517s] Level 1:colcon.colcon_core.package_identification:_identify(src) by extension 'python_setup_py'
[0.520s] Level 1:colcon.colcon_core.package_identification:_identify(src/build) by extensions ['ignore', 'ignore_ament_install']
[0.520s] Level 1:colcon.colcon_core.package_identification:_identify(src/build) by extension 'ignore'
[0.520s] Level 1:colcon.colcon_core.package_identification:_identify(src/build) ignored
[0.521s] Level 1:colcon.colcon_core.package_identification:_identify(src/install) by extensions ['ignore', 'ignore_ament_install']
[0.521s] Level 1:colcon.colcon_core.package_identification:_identify(src/install) by extension 'ignore'
[0.521s] Level 1:colcon.colcon_core.package_identification:_identify(src/install) ignored
[0.522s] Level 1:colcon.colcon_core.package_identification:_identify(src/log) by extensions ['ignore', 'ignore_ament_install']
[0.522s] Level 1:colcon.colcon_core.package_identification:_identify(src/log) by extension 'ignore'
[0.522s] Level 1:colcon.colcon_core.package_identification:_identify(src/log) ignored
[0.522s] Level 1:colcon.colcon_core.package_identification:_identify(src/quin_core) by extensions ['ignore', 'ignore_ament_install']
[0.522s] Level 1:colcon.colcon_core.package_identification:_identify(src/quin_core) by extension 'ignore'
[0.522s] Level 1:colcon.colcon_core.package_identification:_identify(src/quin_core) by extension 'ignore_ament_install'
[0.522s] Level 1:colcon.colcon_core.package_identification:_identify(src/quin_core) by extensions ['colcon_pkg']
[0.522s] Level 1:colcon.colcon_core.package_identification:_identify(src/quin_core) by extension 'colcon_pkg'
[0.522s] Level 1:colcon.colcon_core.package_identification:_identify(src/quin_core) by extensions ['colcon_meta']
[0.522s] Level 1:colcon.colcon_core.package_identification:_identify(src/quin_core) by extension 'colcon_meta'
[0.522s] Level 1:colcon.colcon_core.package_identification:_identify(src/quin_core) by extensions ['ros']
[0.522s] Level 1:colcon.colcon_core.package_identification:_identify(src/quin_core) by extension 'ros'
[0.531s] DEBUG:colcon.colcon_core.package_identification:Package 'src/quin_core' with type 'ros.ament_cmake' and name 'quin_core'
[0.531s] Level 1:colcon.colcon_core.package_discovery:discover_packages(recursive) using defaults
[0.531s] Level 1:colcon.colcon_core.package_discovery:discover_packages(ignore) discover
[0.531s] Level 1:colcon.colcon_core.package_discovery:discover_packages(ignore) using defaults
[0.531s] Level 1:colcon.colcon_core.package_discovery:discover_packages(path) discover
[0.531s] Level 1:colcon.colcon_core.package_discovery:discover_packages(path) using defaults
[0.575s] Level 1:colcon.colcon_core.package_discovery:discover_packages(prefix_path) check parameters
[0.575s] Level 1:colcon.colcon_core.package_discovery:discover_packages(prefix_path) discover
[0.579s] WARNING:colcon.colcon_ros.prefix_path.ament:The path '/home/quin/project_ws/quin_ws/install/quin_core' in the environment variable AMENT_PREFIX_PATH doesn't exist
[0.581s] WARNING:colcon.colcon_ros.prefix_path.catkin:The path '/home/quin/project_ws/quin_ws/install/quin_core' in the environment variable CMAKE_PREFIX_PATH doesn't exist
[0.583s] DEBUG:colcon.colcon_installed_package_information.package_discovery:Found 0 installed packages in /home/quin/project_ws/quin_ws/install
[0.583s] DEBUG:colcon.colcon_installed_package_information.package_discovery:Found 3 installed packages in /home/quin/uros_ws/install
[0.585s] DEBUG:colcon.colcon_installed_package_information.package_discovery:Found 207 installed packages in /opt/ros/jazzy
[0.586s] Level 1:colcon.colcon_core.package_discovery:discover_packages(prefix_path) using defaults
[0.641s] Level 5:colcon.colcon_core.verb:set package 'quin_core' build argument 'cmake_args' from command line to 'None'
[0.641s] Level 5:colcon.colcon_core.verb:set package 'quin_core' build argument 'cmake_target' from command line to 'None'
[0.641s] Level 5:colcon.colcon_core.verb:set package 'quin_core' build argument 'cmake_target_skip_unavailable' from command line to 'False'
[0.641s] Level 5:colcon.colcon_core.verb:set package 'quin_core' build argument 'cmake_clean_cache' from command line to 'False'
[0.641s] Level 5:colcon.colcon_core.verb:set package 'quin_core' build argument 'cmake_clean_first' from command line to 'False'
[0.641s] Level 5:colcon.colcon_core.verb:set package 'quin_core' build argument 'cmake_force_configure' from command line to 'False'
[0.641s] Level 5:colcon.colcon_core.verb:set package 'quin_core' build argument 'ament_cmake_args' from command line to 'None'
[0.641s] Level 5:colcon.colcon_core.verb:set package 'quin_core' build argument 'catkin_cmake_args' from command line to 'None'
[0.641s] Level 5:colcon.colcon_core.verb:set package 'quin_core' build argument 'catkin_skip_building_tests' from command line to 'False'
[0.641s] DEBUG:colcon.colcon_core.verb:Building package 'quin_core' with the following arguments: {'ament_cmake_args': None, 'build_base': '/home/quin/project_ws/quin_ws/build/quin_core', 'catkin_cmake_args': None, 'catkin_skip_building_tests': False, 'cmake_args': None, 'cmake_clean_cache': False, 'cmake_clean_first': False, 'cmake_force_configure': False, 'cmake_target': None, 'cmake_target_skip_unavailable': False, 'install_base': '/home/quin/project_ws/quin_ws/install/quin_core', 'merge_install': False, 'path': '/home/quin/project_ws/quin_ws/src/quin_core', 'symlink_install': False, 'test_result_base': None}
[0.641s] INFO:colcon.colcon_core.executor:Executing jobs using 'parallel' executor
[0.643s] DEBUG:colcon.colcon_parallel_executor.executor.parallel:run_until_complete
[0.643s] INFO:colcon.colcon_ros.task.ament_cmake.build:Building ROS package in '/home/quin/project_ws/quin_ws/src/quin_core' with build type 'ament_cmake'
[0.643s] INFO:colcon.colcon_cmake.task.cmake.build:Building CMake package in '/home/quin/project_ws/quin_ws/src/quin_core'
[0.655s] INFO:colcon.colcon_core.plugin_system:Skipping extension 'colcon_core.shell.bat': Not used on non-Windows systems
[0.656s] INFO:colcon.colcon_core.shell:Skip shell extension 'powershell' for command environment: Not usable outside of PowerShell
[0.656s] DEBUG:colcon.colcon_core.shell:Skip shell extension 'dsv' for command environment
[0.668s] DEBUG:colcon.colcon_core.event_handler.log_command:Invoking command in '/home/quin/project_ws/quin_ws/build/quin_core': CMAKE_PREFIX_PATH=${CMAKE_PREFIX_PATH}:/opt/ros/jazzy /usr/bin/cmake /home/quin/project_ws/quin_ws/src/quin_core -DCMAKE_INSTALL_PREFIX=/home/quin/project_ws/quin_ws/install/quin_core
[3.680s] DEBUG:colcon.colcon_core.event_handler.log_command:Invoked command in '/home/quin/project_ws/quin_ws/build/quin_core' returned '0': CMAKE_PREFIX_PATH=${CMAKE_PREFIX_PATH}:/opt/ros/jazzy /usr/bin/cmake /home/quin/project_ws/quin_ws/src/quin_core -DCMAKE_INSTALL_PREFIX=/home/quin/project_ws/quin_ws/install/quin_core
[3.682s] DEBUG:colcon.colcon_core.event_handler.log_command:Invoking command in '/home/quin/project_ws/quin_ws/build/quin_core': CMAKE_PREFIX_PATH=${CMAKE_PREFIX_PATH}:/opt/ros/jazzy /usr/bin/cmake --build /home/quin/project_ws/quin_ws/build/quin_core -- -j4 -l4
[4.260s] DEBUG:colcon.colcon_core.event_handler.log_command:Invoked command in '/home/quin/project_ws/quin_ws/build/quin_core' returned '0': CMAKE_PREFIX_PATH=${CMAKE_PREFIX_PATH}:/opt/ros/jazzy /usr/bin/cmake --build /home/quin/project_ws/quin_ws/build/quin_core -- -j4 -l4
[4.278s] DEBUG:colcon.colcon_core.event_handler.log_command:Invoking command in '/home/quin/project_ws/quin_ws/build/quin_core': CMAKE_PREFIX_PATH=${CMAKE_PREFIX_PATH}:/opt/ros/jazzy /usr/bin/cmake --install /home/quin/project_ws/quin_ws/build/quin_core
[4.387s] Level 1:colcon.colcon_core.environment:create_environment_scripts_only(quin_core)
[4.387s] DEBUG:colcon.colcon_core.event_handler.log_command:Invoked command in '/home/quin/project_ws/quin_ws/build/quin_core' returned '0': CMAKE_PREFIX_PATH=${CMAKE_PREFIX_PATH}:/opt/ros/jazzy /usr/bin/cmake --install /home/quin/project_ws/quin_ws/build/quin_core
[4.402s] Level 1:colcon.colcon_core.environment:checking '/home/quin/project_ws/quin_ws/install/quin_core' for CMake module files
[4.403s] Level 1:colcon.colcon_core.environment:checking '/home/quin/project_ws/quin_ws/install/quin_core' for CMake config files
[4.404s] Level 1:colcon.colcon_core.shell:create_environment_hook('quin_core', 'cmake_prefix_path')
[4.404s] INFO:colcon.colcon_core.shell:Creating environment hook '/home/quin/project_ws/quin_ws/install/quin_core/share/quin_core/hook/cmake_prefix_path.ps1'
[4.407s] INFO:colcon.colcon_core.shell:Creating environment descriptor '/home/quin/project_ws/quin_ws/install/quin_core/share/quin_core/hook/cmake_prefix_path.dsv'
[4.408s] INFO:colcon.colcon_core.shell:Creating environment hook '/home/quin/project_ws/quin_ws/install/quin_core/share/quin_core/hook/cmake_prefix_path.sh'
[4.410s] Level 1:colcon.colcon_core.environment:checking '/home/quin/project_ws/quin_ws/install/quin_core/lib'
[4.410s] Level 1:colcon.colcon_core.environment:checking '/home/quin/project_ws/quin_ws/install/quin_core/bin'
[4.410s] Level 1:colcon.colcon_core.environment:checking '/home/quin/project_ws/quin_ws/install/quin_core/lib/pkgconfig/quin_core.pc'
[4.410s] Level 1:colcon.colcon_core.environment:checking '/home/quin/project_ws/quin_ws/install/quin_core/lib/python3.12/site-packages'
[4.410s] Level 1:colcon.colcon_core.shell:create_environment_hook('quin_core', 'pythonpath')
[4.411s] INFO:colcon.colcon_core.shell:Creating environment hook '/home/quin/project_ws/quin_ws/install/quin_core/share/quin_core/hook/pythonpath.ps1'
[4.411s] INFO:colcon.colcon_core.shell:Creating environment descriptor '/home/quin/project_ws/quin_ws/install/quin_core/share/quin_core/hook/pythonpath.dsv'
[4.412s] INFO:colcon.colcon_core.shell:Creating environment hook '/home/quin/project_ws/quin_ws/install/quin_core/share/quin_core/hook/pythonpath.sh'
[4.413s] Level 1:colcon.colcon_core.environment:checking '/home/quin/project_ws/quin_ws/install/quin_core/bin'
[4.413s] INFO:colcon.colcon_core.shell:Creating package script '/home/quin/project_ws/quin_ws/install/quin_core/share/quin_core/package.ps1'
[4.415s] INFO:colcon.colcon_core.shell:Creating package descriptor '/home/quin/project_ws/quin_ws/install/quin_core/share/quin_core/package.dsv'
[4.417s] INFO:colcon.colcon_core.shell:Creating package script '/home/quin/project_ws/quin_ws/install/quin_core/share/quin_core/package.sh'
[4.421s] INFO:colcon.colcon_core.shell:Creating package script '/home/quin/project_ws/quin_ws/install/quin_core/share/quin_core/package.bash'
[4.423s] INFO:colcon.colcon_core.shell:Creating package script '/home/quin/project_ws/quin_ws/install/quin_core/share/quin_core/package.zsh'
[4.425s] Level 1:colcon.colcon_core.environment:create_file_with_runtime_dependencies(/home/quin/project_ws/quin_ws/install/quin_core/share/colcon-core/packages/quin_core)
[4.426s] Level 1:colcon.colcon_core.environment:create_environment_scripts_only(quin_core)
[4.426s] Level 1:colcon.colcon_core.environment:checking '/home/quin/project_ws/quin_ws/install/quin_core' for CMake module files
[4.427s] Level 1:colcon.colcon_core.environment:checking '/home/quin/project_ws/quin_ws/install/quin_core' for CMake config files
[4.427s] Level 1:colcon.colcon_core.shell:create_environment_hook('quin_core', 'cmake_prefix_path')
[4.427s] INFO:colcon.colcon_core.shell:Creating environment hook '/home/quin/project_ws/quin_ws/install/quin_core/share/quin_core/hook/cmake_prefix_path.ps1'
[4.428s] INFO:colcon.colcon_core.shell:Creating environment descriptor '/home/quin/project_ws/quin_ws/install/quin_core/share/quin_core/hook/cmake_prefix_path.dsv'
[4.429s] INFO:colcon.colcon_core.shell:Creating environment hook '/home/quin/project_ws/quin_ws/install/quin_core/share/quin_core/hook/cmake_prefix_path.sh'
[4.430s] Level 1:colcon.colcon_core.environment:checking '/home/quin/project_ws/quin_ws/install/quin_core/lib'
[4.430s] Level 1:colcon.colcon_core.environment:checking '/home/quin/project_ws/quin_ws/install/quin_core/bin'
[4.430s] Level 1:colcon.colcon_core.environment:checking '/home/quin/project_ws/quin_ws/install/quin_core/lib/pkgconfig/quin_core.pc'
[4.430s] Level 1:colcon.colcon_core.environment:checking '/home/quin/project_ws/quin_ws/install/quin_core/lib/python3.12/site-packages'
[4.430s] Level 1:colcon.colcon_core.shell:create_environment_hook('quin_core', 'pythonpath')
[4.431s] INFO:colcon.colcon_core.shell:Creating environment hook '/home/quin/project_ws/quin_ws/install/quin_core/share/quin_core/hook/pythonpath.ps1'
[4.431s] INFO:colcon.colcon_core.shell:Creating environment descriptor '/home/quin/project_ws/quin_ws/install/quin_core/share/quin_core/hook/pythonpath.dsv'
[4.432s] INFO:colcon.colcon_core.shell:Creating environment hook '/home/quin/project_ws/quin_ws/install/quin_core/share/quin_core/hook/pythonpath.sh'
[4.433s] Level 1:colcon.colcon_core.environment:checking '/home/quin/project_ws/quin_ws/install/quin_core/bin'
[4.434s] INFO:colcon.colcon_core.shell:Creating package script '/home/quin/project_ws/quin_ws/install/quin_core/share/quin_core/package.ps1'
[4.434s] INFO:colcon.colcon_core.shell:Creating package descriptor '/home/quin/project_ws/quin_ws/install/quin_core/share/quin_core/package.dsv'
[4.435s] INFO:colcon.colcon_core.shell:Creating package script '/home/quin/project_ws/quin_ws/install/quin_core/share/quin_core/package.sh'
[4.436s] INFO:colcon.colcon_core.shell:Creating package script '/home/quin/project_ws/quin_ws/install/quin_core/share/quin_core/package.bash'
[4.437s] INFO:colcon.colcon_core.shell:Creating package script '/home/quin/project_ws/quin_ws/install/quin_core/share/quin_core/package.zsh'
[4.438s] Level 1:colcon.colcon_core.environment:create_file_with_runtime_dependencies(/home/quin/project_ws/quin_ws/install/quin_core/share/colcon-core/packages/quin_core)
[4.438s] DEBUG:colcon.colcon_parallel_executor.executor.parallel:closing loop
[4.439s] DEBUG:colcon.colcon_parallel_executor.executor.parallel:loop closed
[4.439s] DEBUG:colcon.colcon_parallel_executor.executor.parallel:run_until_complete finished with '0'
[4.439s] DEBUG:colcon.colcon_core.event_reactor:joining thread
[4.449s] INFO:colcon.colcon_core.plugin_system:Skipping extension 'colcon_notification.desktop_notification.notify_send': Could not find 'notify-send'
[4.449s] INFO:colcon.colcon_core.plugin_system:Skipping extension 'colcon_notification.desktop_notification.terminal_notifier': Not used on non-Darwin systems
[4.449s] INFO:colcon.colcon_core.plugin_system:Skipping extension 'colcon_notification.desktop_notification.win32': Not used on non-Windows systems
[4.449s] INFO:colcon.colcon_notification.desktop_notification:Sending desktop notification using 'notify2'
[4.528s] DEBUG:colcon.colcon_notification.desktop_notification.notify2:Failed to initialize notify2: org.freedesktop.DBus.Error.ServiceUnknown: The name org.freedesktop.Notifications was not provided by any .service files
[4.529s] DEBUG:colcon.colcon_core.event_reactor:joined thread
[4.529s] INFO:colcon.colcon_core.shell:Creating prefix script '/home/quin/project_ws/quin_ws/install/local_setup.ps1'
[4.531s] INFO:colcon.colcon_core.shell:Creating prefix util module '/home/quin/project_ws/quin_ws/install/_local_setup_util_ps1.py'
[4.534s] INFO:colcon.colcon_core.shell:Creating prefix chain script '/home/quin/project_ws/quin_ws/install/setup.ps1'
[4.536s] INFO:colcon.colcon_core.shell:Creating prefix script '/home/quin/project_ws/quin_ws/install/local_setup.sh'
[4.538s] INFO:colcon.colcon_core.shell:Creating prefix util module '/home/quin/project_ws/quin_ws/install/_local_setup_util_sh.py'
[4.539s] INFO:colcon.colcon_core.shell:Creating prefix chain script '/home/quin/project_ws/quin_ws/install/setup.sh'
[4.540s] INFO:colcon.colcon_core.shell:Creating prefix script '/home/quin/project_ws/quin_ws/install/local_setup.bash'
[4.541s] INFO:colcon.colcon_core.shell:Creating prefix chain script '/home/quin/project_ws/quin_ws/install/setup.bash'
[4.543s] INFO:colcon.colcon_core.shell:Creating prefix script '/home/quin/project_ws/quin_ws/install/local_setup.zsh'
[4.544s] INFO:colcon.colcon_core.shell:Creating prefix chain script '/home/quin/project_ws/quin_ws/install/setup.zsh'
