[0.015s] Invoking command in '/home/quin/project_ws/quin_ws/build/quin_core': CMAKE_PREFIX_PATH=${CMAKE_PREFIX_PATH}:/opt/ros/jazzy /usr/bin/cmake --build /home/quin/project_ws/quin_ws/build/quin_core -- -j4 -l4
[0.115s] Built target ament_cmake_python_copy_quin_core
[0.415s] running egg_info
[0.440s] writing quin_core.egg-info/PKG-INFO
[0.441s] writing dependency_links to quin_core.egg-info/dependency_links.txt
[0.443s] writing top-level names to quin_core.egg-info/top_level.txt
[0.514s] reading manifest file 'quin_core.egg-info/SOURCES.txt'
[0.514s] writing manifest file 'quin_core.egg-info/SOURCES.txt'
[0.578s] Built target ament_cmake_python_build_quin_core_egg
[0.597s] Invoked command in '/home/quin/project_ws/quin_ws/build/quin_core' returned '0': CMAKE_PREFIX_PATH=${CMAKE_PREFIX_PATH}:/opt/ros/jazzy /usr/bin/cmake --build /home/quin/project_ws/quin_ws/build/quin_core -- -j4 -l4
[0.614s] Invoking command in '/home/quin/project_ws/quin_ws/build/quin_core': CMAKE_PREFIX_PATH=${CMAKE_PREFIX_PATH}:/opt/ros/jazzy /usr/bin/cmake --install /home/quin/project_ws/quin_ws/build/quin_core
[0.628s] -- Install configuration: ""
[0.628s] -- Up-to-date: /home/quin/project_ws/quin_ws/install/quin_core/share/quin_core/launch
[0.634s] -- Up-to-date: /home/quin/project_ws/quin_ws/install/quin_core/share/quin_core/launch/joystickController.launch.py
[0.634s] -- Installing: /home/quin/project_ws/quin_ws/install/quin_core/share/quin_core/launch/microros.launch.py
[0.634s] -- Up-to-date: /home/quin/project_ws/quin_ws/install/quin_core/share/quin_core/launch/bot_bringup.launch.py
[0.634s] -- Up-to-date: /home/quin/project_ws/quin_ws/install/quin_core/share/quin_core/scripts
[0.634s] -- Up-to-date: /home/quin/project_ws/quin_ws/install/quin_core/share/quin_core/scripts/cmd_move.py
[0.634s] -- Up-to-date: /home/quin/project_ws/quin_ws/install/quin_core/share/quin_core/scripts/joystick_control
[0.635s] -- Up-to-date: /home/quin/project_ws/quin_ws/install/quin_core/share/quin_core/scripts/cmd_move
[0.635s] -- Up-to-date: /home/quin/project_ws/quin_ws/install/quin_core/share/quin_core/scripts/joystick_control.py
[0.635s] -- Up-to-date: /home/quin/project_ws/quin_ws/install/quin_core/share/quin_core/config
[0.635s] -- Up-to-date: /home/quin/project_ws/quin_ws/install/quin_core/share/quin_core/config/locations.yaml
[0.635s] -- Up-to-date: /home/quin/project_ws/quin_ws/install/quin_core/share/quin_core/config/motor_config.yaml
[0.635s] -- Up-to-date: /home/quin/project_ws/quin_ws/install/quin_core/share/quin_core/environment/pythonpath.sh
[0.635s] -- Up-to-date: /home/quin/project_ws/quin_ws/install/quin_core/share/quin_core/environment/pythonpath.dsv
[0.635s] -- Up-to-date: /home/quin/project_ws/quin_ws/install/quin_core/lib/python3.12/site-packages/quin_core-2.1.5-py3.12.egg-info
[0.635s] -- Installing: /home/quin/project_ws/quin_ws/install/quin_core/lib/python3.12/site-packages/quin_core-2.1.5-py3.12.egg-info/SOURCES.txt
[0.637s] -- Installing: /home/quin/project_ws/quin_ws/install/quin_core/lib/python3.12/site-packages/quin_core-2.1.5-py3.12.egg-info/top_level.txt
[0.638s] -- Installing: /home/quin/project_ws/quin_ws/install/quin_core/lib/python3.12/site-packages/quin_core-2.1.5-py3.12.egg-info/PKG-INFO
[0.638s] -- Installing: /home/quin/project_ws/quin_ws/install/quin_core/lib/python3.12/site-packages/quin_core-2.1.5-py3.12.egg-info/dependency_links.txt
[0.638s] -- Up-to-date: /home/quin/project_ws/quin_ws/install/quin_core/lib/python3.12/site-packages/quin_core
[0.638s] -- Up-to-date: /home/quin/project_ws/quin_ws/install/quin_core/lib/python3.12/site-packages/quin_core/utilize.py
[0.638s] -- Up-to-date: /home/quin/project_ws/quin_ws/install/quin_core/lib/python3.12/site-packages/quin_core/__init__.py
[0.638s] -- Up-to-date: /home/quin/project_ws/quin_ws/install/quin_core/lib/python3.12/site-packages/quin_core/controller.py
[0.687s] Listing '/home/quin/project_ws/quin_ws/install/quin_core/lib/python3.12/site-packages/quin_core'...
[0.701s] -- Up-to-date: /home/quin/project_ws/quin_ws/install/quin_core/lib/quin_core/joystick_control.py
[0.701s] -- Up-to-date: /home/quin/project_ws/quin_ws/install/quin_core/lib/quin_core/cmd_move.py
[0.701s] -- Up-to-date: /home/quin/project_ws/quin_ws/install/quin_core/lib/quin_core/src/controller.py
[0.701s] -- Up-to-date: /home/quin/project_ws/quin_ws/install/quin_core/lib/quin_core/src/utilize.py
[0.701s] -- Up-to-date: /home/quin/project_ws/quin_ws/install/quin_core/share/ament_index/resource_index/package_run_dependencies/quin_core
[0.701s] -- Up-to-date: /home/quin/project_ws/quin_ws/install/quin_core/share/ament_index/resource_index/parent_prefix_path/quin_core
[0.701s] -- Up-to-date: /home/quin/project_ws/quin_ws/install/quin_core/share/quin_core/environment/ament_prefix_path.sh
[0.702s] -- Up-to-date: /home/quin/project_ws/quin_ws/install/quin_core/share/quin_core/environment/ament_prefix_path.dsv
[0.702s] -- Up-to-date: /home/quin/project_ws/quin_ws/install/quin_core/share/quin_core/environment/path.sh
[0.702s] -- Up-to-date: /home/quin/project_ws/quin_ws/install/quin_core/share/quin_core/environment/path.dsv
[0.702s] -- Up-to-date: /home/quin/project_ws/quin_ws/install/quin_core/share/quin_core/local_setup.bash
[0.702s] -- Up-to-date: /home/quin/project_ws/quin_ws/install/quin_core/share/quin_core/local_setup.sh
[0.702s] -- Up-to-date: /home/quin/project_ws/quin_ws/install/quin_core/share/quin_core/local_setup.zsh
[0.702s] -- Up-to-date: /home/quin/project_ws/quin_ws/install/quin_core/share/quin_core/local_setup.dsv
[0.702s] -- Installing: /home/quin/project_ws/quin_ws/install/quin_core/share/quin_core/package.dsv
[0.703s] -- Up-to-date: /home/quin/project_ws/quin_ws/install/quin_core/share/ament_index/resource_index/packages/quin_core
[0.703s] -- Up-to-date: /home/quin/project_ws/quin_ws/install/quin_core/share/quin_core/cmake/quin_coreConfig.cmake
[0.703s] -- Up-to-date: /home/quin/project_ws/quin_ws/install/quin_core/share/quin_core/cmake/quin_coreConfig-version.cmake
[0.703s] -- Up-to-date: /home/quin/project_ws/quin_ws/install/quin_core/share/quin_core/package.xml
[0.706s] Invoked command in '/home/quin/project_ws/quin_ws/build/quin_core' returned '0': CMAKE_PREFIX_PATH=${CMAKE_PREFIX_PATH}:/opt/ros/jazzy /usr/bin/cmake --install /home/quin/project_ws/quin_ws/build/quin_core
