[0.135s] DEBUG:colcon:Command line arguments: ['/usr/bin/colcon', 'build', '--packages-select', 'micro_ros_agent']
[0.135s] DEBUG:colcon:Parsed command line arguments: Namespace(log_base=None, log_level=None, verb_name='build', build_base='build', install_base='install', merge_install=False, symlink_install=False, test_result_base=None, continue_on_error=False, executor='parallel', parallel_workers=4, event_handlers=None, ignore_user_meta=False, metas=['./colcon.meta'], base_paths=['.'], packages_ignore=None, packages_ignore_regex=None, paths=None, packages_up_to=None, packages_up_to_regex=None, packages_above=None, packages_above_and_dependencies=None, packages_above_depth=None, packages_select_by_dep=None, packages_skip_by_dep=None, packages_skip_up_to=None, packages_select_build_failed=False, packages_skip_build_finished=False, packages_select_test_failures=False, packages_skip_test_passed=False, packages_select=['micro_ros_agent'], packages_skip=None, packages_select_regex=None, packages_skip_regex=None, packages_start=None, packages_end=None, allow_overriding=[], cmake_args=None, cmake_target=None, cmake_target_skip_unavailable=False, cmake_clean_cache=False, cmake_clean_first=False, cmake_force_configure=False, ament_cmake_args=None, catkin_cmake_args=None, catkin_skip_building_tests=False, verb_parser=<colcon_defaults.argument_parser.defaults.DefaultArgumentsDecorator object at 0xffffab8aba10>, verb_extension=<colcon_core.verb.build.BuildVerb object at 0xffffac616780>, main=<bound method BuildVerb.main of <colcon_core.verb.build.BuildVerb object at 0xffffac616780>>)
[0.191s] Level 1:colcon.colcon_core.package_discovery:discover_packages(colcon_meta) check parameters
[0.191s] Level 1:colcon.colcon_core.package_discovery:discover_packages(recursive) check parameters
[0.191s] Level 1:colcon.colcon_core.package_discovery:discover_packages(ignore) check parameters
[0.191s] Level 1:colcon.colcon_core.package_discovery:discover_packages(path) check parameters
[0.191s] Level 1:colcon.colcon_core.package_discovery:discover_packages(colcon_meta) discover
[0.191s] Level 1:colcon.colcon_core.package_discovery:discover_packages(recursive) discover
[0.191s] INFO:colcon.colcon_core.package_discovery:Crawling recursively for packages in '/home/quin/project_ws/quin_ws/src'
[0.191s] Level 1:colcon.colcon_core.package_identification:_identify(.) by extensions ['ignore', 'ignore_ament_install']
[0.191s] Level 1:colcon.colcon_core.package_identification:_identify(.) by extension 'ignore'
[0.192s] Level 1:colcon.colcon_core.package_identification:_identify(.) by extension 'ignore_ament_install'
[0.192s] Level 1:colcon.colcon_core.package_identification:_identify(.) by extensions ['colcon_pkg']
[0.192s] Level 1:colcon.colcon_core.package_identification:_identify(.) by extension 'colcon_pkg'
[0.192s] Level 1:colcon.colcon_core.package_identification:_identify(.) by extensions ['colcon_meta']
[0.192s] Level 1:colcon.colcon_core.package_identification:_identify(.) by extension 'colcon_meta'
[0.192s] Level 1:colcon.colcon_core.package_identification:_identify(.) by extensions ['ros']
[0.192s] Level 1:colcon.colcon_core.package_identification:_identify(.) by extension 'ros'
[0.228s] Level 1:colcon.colcon_core.package_identification:_identify(.) by extensions ['cmake', 'python']
[0.228s] Level 1:colcon.colcon_core.package_identification:_identify(.) by extension 'cmake'
[0.228s] Level 1:colcon.colcon_core.package_identification:_identify(.) by extension 'python'
[0.228s] Level 1:colcon.colcon_core.package_identification:_identify(.) by extensions ['python_setup_py']
[0.228s] Level 1:colcon.colcon_core.package_identification:_identify(.) by extension 'python_setup_py'
[0.228s] Level 1:colcon.colcon_core.package_identification:_identify(build) by extensions ['ignore', 'ignore_ament_install']
[0.228s] Level 1:colcon.colcon_core.package_identification:_identify(build) by extension 'ignore'
[0.228s] Level 1:colcon.colcon_core.package_identification:_identify(build) ignored
[0.228s] Level 1:colcon.colcon_core.package_identification:_identify(install) by extensions ['ignore', 'ignore_ament_install']
[0.228s] Level 1:colcon.colcon_core.package_identification:_identify(install) by extension 'ignore'
[0.228s] Level 1:colcon.colcon_core.package_identification:_identify(install) ignored
[0.229s] Level 1:colcon.colcon_core.package_identification:_identify(log) by extensions ['ignore', 'ignore_ament_install']
[0.229s] Level 1:colcon.colcon_core.package_identification:_identify(log) by extension 'ignore'
[0.229s] Level 1:colcon.colcon_core.package_identification:_identify(log) ignored
[0.229s] Level 1:colcon.colcon_core.package_identification:_identify(micro_ros_agent) by extensions ['ignore', 'ignore_ament_install']
[0.229s] Level 1:colcon.colcon_core.package_identification:_identify(micro_ros_agent) by extension 'ignore'
[0.229s] Level 1:colcon.colcon_core.package_identification:_identify(micro_ros_agent) by extension 'ignore_ament_install'
[0.229s] Level 1:colcon.colcon_core.package_identification:_identify(micro_ros_agent) by extensions ['colcon_pkg']
[0.229s] Level 1:colcon.colcon_core.package_identification:_identify(micro_ros_agent) by extension 'colcon_pkg'
[0.229s] Level 1:colcon.colcon_core.package_identification:_identify(micro_ros_agent) by extensions ['colcon_meta']
[0.229s] Level 1:colcon.colcon_core.package_identification:_identify(micro_ros_agent) by extension 'colcon_meta'
[0.229s] Level 1:colcon.colcon_core.package_identification:_identify(micro_ros_agent) by extensions ['ros']
[0.229s] Level 1:colcon.colcon_core.package_identification:_identify(micro_ros_agent) by extension 'ros'
[0.229s] Level 1:colcon.colcon_core.package_identification:_identify(micro_ros_agent) by extensions ['cmake', 'python']
[0.229s] Level 1:colcon.colcon_core.package_identification:_identify(micro_ros_agent) by extension 'cmake'
[0.229s] Level 1:colcon.colcon_core.package_identification:_identify(micro_ros_agent) by extension 'python'
[0.229s] Level 1:colcon.colcon_core.package_identification:_identify(micro_ros_agent) by extensions ['python_setup_py']
[0.229s] Level 1:colcon.colcon_core.package_identification:_identify(micro_ros_agent) by extension 'python_setup_py'
[0.230s] Level 1:colcon.colcon_core.package_identification:_identify(micro_ros_agent/micro_ros_agent) by extensions ['ignore', 'ignore_ament_install']
[0.230s] Level 1:colcon.colcon_core.package_identification:_identify(micro_ros_agent/micro_ros_agent) by extension 'ignore'
[0.230s] Level 1:colcon.colcon_core.package_identification:_identify(micro_ros_agent/micro_ros_agent) by extension 'ignore_ament_install'
[0.230s] Level 1:colcon.colcon_core.package_identification:_identify(micro_ros_agent/micro_ros_agent) by extensions ['colcon_pkg']
[0.230s] Level 1:colcon.colcon_core.package_identification:_identify(micro_ros_agent/micro_ros_agent) by extension 'colcon_pkg'
[0.230s] Level 1:colcon.colcon_core.package_identification:_identify(micro_ros_agent/micro_ros_agent) by extensions ['colcon_meta']
[0.230s] Level 1:colcon.colcon_core.package_identification:_identify(micro_ros_agent/micro_ros_agent) by extension 'colcon_meta'
[0.230s] Level 1:colcon.colcon_core.package_identification:_identify(micro_ros_agent/micro_ros_agent) by extensions ['ros']
[0.230s] Level 1:colcon.colcon_core.package_identification:_identify(micro_ros_agent/micro_ros_agent) by extension 'ros'
[0.235s] DEBUG:colcon.colcon_core.package_identification:Package 'micro_ros_agent/micro_ros_agent' with type 'ros.ament_cmake' and name 'micro_ros_agent'
[0.235s] Level 1:colcon.colcon_core.package_identification:_identify(micro_ros_agent/snap) by extensions ['ignore', 'ignore_ament_install']
[0.236s] Level 1:colcon.colcon_core.package_identification:_identify(micro_ros_agent/snap) by extension 'ignore'
[0.236s] Level 1:colcon.colcon_core.package_identification:_identify(micro_ros_agent/snap) by extension 'ignore_ament_install'
[0.236s] Level 1:colcon.colcon_core.package_identification:_identify(micro_ros_agent/snap) by extensions ['colcon_pkg']
[0.236s] Level 1:colcon.colcon_core.package_identification:_identify(micro_ros_agent/snap) by extension 'colcon_pkg'
[0.236s] Level 1:colcon.colcon_core.package_identification:_identify(micro_ros_agent/snap) by extensions ['colcon_meta']
[0.236s] Level 1:colcon.colcon_core.package_identification:_identify(micro_ros_agent/snap) by extension 'colcon_meta'
[0.236s] Level 1:colcon.colcon_core.package_identification:_identify(micro_ros_agent/snap) by extensions ['ros']
[0.236s] Level 1:colcon.colcon_core.package_identification:_identify(micro_ros_agent/snap) by extension 'ros'
[0.236s] Level 1:colcon.colcon_core.package_identification:_identify(micro_ros_agent/snap) by extensions ['cmake', 'python']
[0.236s] Level 1:colcon.colcon_core.package_identification:_identify(micro_ros_agent/snap) by extension 'cmake'
[0.236s] Level 1:colcon.colcon_core.package_identification:_identify(micro_ros_agent/snap) by extension 'python'
[0.236s] Level 1:colcon.colcon_core.package_identification:_identify(micro_ros_agent/snap) by extensions ['python_setup_py']
[0.236s] Level 1:colcon.colcon_core.package_identification:_identify(micro_ros_agent/snap) by extension 'python_setup_py'
[0.236s] Level 1:colcon.colcon_core.package_identification:_identify(micro_ros_agent/snap/hooks) by extensions ['ignore', 'ignore_ament_install']
[0.236s] Level 1:colcon.colcon_core.package_identification:_identify(micro_ros_agent/snap/hooks) by extension 'ignore'
[0.236s] Level 1:colcon.colcon_core.package_identification:_identify(micro_ros_agent/snap/hooks) by extension 'ignore_ament_install'
[0.237s] Level 1:colcon.colcon_core.package_identification:_identify(micro_ros_agent/snap/hooks) by extensions ['colcon_pkg']
[0.237s] Level 1:colcon.colcon_core.package_identification:_identify(micro_ros_agent/snap/hooks) by extension 'colcon_pkg'
[0.237s] Level 1:colcon.colcon_core.package_identification:_identify(micro_ros_agent/snap/hooks) by extensions ['colcon_meta']
[0.237s] Level 1:colcon.colcon_core.package_identification:_identify(micro_ros_agent/snap/hooks) by extension 'colcon_meta'
[0.237s] Level 1:colcon.colcon_core.package_identification:_identify(micro_ros_agent/snap/hooks) by extensions ['ros']
[0.237s] Level 1:colcon.colcon_core.package_identification:_identify(micro_ros_agent/snap/hooks) by extension 'ros'
[0.237s] Level 1:colcon.colcon_core.package_identification:_identify(micro_ros_agent/snap/hooks) by extensions ['cmake', 'python']
[0.237s] Level 1:colcon.colcon_core.package_identification:_identify(micro_ros_agent/snap/hooks) by extension 'cmake'
[0.237s] Level 1:colcon.colcon_core.package_identification:_identify(micro_ros_agent/snap/hooks) by extension 'python'
[0.237s] Level 1:colcon.colcon_core.package_identification:_identify(micro_ros_agent/snap/hooks) by extensions ['python_setup_py']
[0.237s] Level 1:colcon.colcon_core.package_identification:_identify(micro_ros_agent/snap/hooks) by extension 'python_setup_py'
[0.237s] Level 1:colcon.colcon_core.package_identification:_identify(micro_ros_agent/snap/local) by extensions ['ignore', 'ignore_ament_install']
[0.237s] Level 1:colcon.colcon_core.package_identification:_identify(micro_ros_agent/snap/local) by extension 'ignore'
[0.237s] Level 1:colcon.colcon_core.package_identification:_identify(micro_ros_agent/snap/local) by extension 'ignore_ament_install'
[0.237s] Level 1:colcon.colcon_core.package_identification:_identify(micro_ros_agent/snap/local) by extensions ['colcon_pkg']
[0.237s] Level 1:colcon.colcon_core.package_identification:_identify(micro_ros_agent/snap/local) by extension 'colcon_pkg'
[0.237s] Level 1:colcon.colcon_core.package_identification:_identify(micro_ros_agent/snap/local) by extensions ['colcon_meta']
[0.237s] Level 1:colcon.colcon_core.package_identification:_identify(micro_ros_agent/snap/local) by extension 'colcon_meta'
[0.237s] Level 1:colcon.colcon_core.package_identification:_identify(micro_ros_agent/snap/local) by extensions ['ros']
[0.237s] Level 1:colcon.colcon_core.package_identification:_identify(micro_ros_agent/snap/local) by extension 'ros'
[0.238s] Level 1:colcon.colcon_core.package_identification:_identify(micro_ros_agent/snap/local) by extensions ['cmake', 'python']
[0.238s] Level 1:colcon.colcon_core.package_identification:_identify(micro_ros_agent/snap/local) by extension 'cmake'
[0.238s] Level 1:colcon.colcon_core.package_identification:_identify(micro_ros_agent/snap/local) by extension 'python'
[0.238s] Level 1:colcon.colcon_core.package_identification:_identify(micro_ros_agent/snap/local) by extensions ['python_setup_py']
[0.238s] Level 1:colcon.colcon_core.package_identification:_identify(micro_ros_agent/snap/local) by extension 'python_setup_py'
[0.238s] Level 1:colcon.colcon_core.package_identification:_identify(quin_core) by extensions ['ignore', 'ignore_ament_install']
[0.238s] Level 1:colcon.colcon_core.package_identification:_identify(quin_core) by extension 'ignore'
[0.238s] Level 1:colcon.colcon_core.package_identification:_identify(quin_core) by extension 'ignore_ament_install'
[0.238s] Level 1:colcon.colcon_core.package_identification:_identify(quin_core) by extensions ['colcon_pkg']
[0.238s] Level 1:colcon.colcon_core.package_identification:_identify(quin_core) by extension 'colcon_pkg'
[0.238s] Level 1:colcon.colcon_core.package_identification:_identify(quin_core) by extensions ['colcon_meta']
[0.238s] Level 1:colcon.colcon_core.package_identification:_identify(quin_core) by extension 'colcon_meta'
[0.238s] Level 1:colcon.colcon_core.package_identification:_identify(quin_core) by extensions ['ros']
[0.238s] Level 1:colcon.colcon_core.package_identification:_identify(quin_core) by extension 'ros'
[0.239s] DEBUG:colcon.colcon_core.package_identification:Package 'quin_core' with type 'ros.ament_cmake' and name 'quin_core'
[0.239s] Level 1:colcon.colcon_core.package_discovery:discover_packages(recursive) using defaults
[0.240s] Level 1:colcon.colcon_core.package_discovery:discover_packages(ignore) discover
[0.240s] Level 1:colcon.colcon_core.package_discovery:discover_packages(ignore) using defaults
[0.240s] Level 1:colcon.colcon_core.package_discovery:discover_packages(path) discover
[0.240s] Level 1:colcon.colcon_core.package_discovery:discover_packages(path) using defaults
[0.263s] INFO:colcon.colcon_core.package_selection:Skipping not selected package 'quin_core' in 'quin_core'
[0.263s] Level 1:colcon.colcon_core.package_discovery:discover_packages(prefix_path) check parameters
[0.263s] Level 1:colcon.colcon_core.package_discovery:discover_packages(prefix_path) discover
[0.264s] WARNING:colcon.colcon_core.prefix_path.colcon:The path '/home/quin/install' in the environment variable COLCON_PREFIX_PATH doesn't exist
[0.264s] WARNING:colcon.colcon_ros.prefix_path.ament:The path '/home/quin/install/quin_core' in the environment variable AMENT_PREFIX_PATH doesn't exist
[0.265s] WARNING:colcon.colcon_ros.prefix_path.catkin:The path '/home/quin/install/quin_core' in the environment variable CMAKE_PREFIX_PATH doesn't exist
[0.266s] DEBUG:colcon.colcon_installed_package_information.package_discovery:Found 1 installed packages in /home/quin/project_ws/quin_ws/install
[0.267s] DEBUG:colcon.colcon_installed_package_information.package_discovery:Found 196 installed packages in /opt/ros/jazzy
[0.268s] Level 1:colcon.colcon_core.package_discovery:discover_packages(prefix_path) using defaults
[0.310s] Level 5:colcon.colcon_core.verb:set package 'micro_ros_agent' build argument 'cmake_args' from command line to 'None'
[0.310s] Level 5:colcon.colcon_core.verb:set package 'micro_ros_agent' build argument 'cmake_target' from command line to 'None'
[0.311s] Level 5:colcon.colcon_core.verb:set package 'micro_ros_agent' build argument 'cmake_target_skip_unavailable' from command line to 'False'
[0.311s] Level 5:colcon.colcon_core.verb:set package 'micro_ros_agent' build argument 'cmake_clean_cache' from command line to 'False'
[0.311s] Level 5:colcon.colcon_core.verb:set package 'micro_ros_agent' build argument 'cmake_clean_first' from command line to 'False'
[0.311s] Level 5:colcon.colcon_core.verb:set package 'micro_ros_agent' build argument 'cmake_force_configure' from command line to 'False'
[0.311s] Level 5:colcon.colcon_core.verb:set package 'micro_ros_agent' build argument 'ament_cmake_args' from command line to 'None'
[0.311s] Level 5:colcon.colcon_core.verb:set package 'micro_ros_agent' build argument 'catkin_cmake_args' from command line to 'None'
[0.311s] Level 5:colcon.colcon_core.verb:set package 'micro_ros_agent' build argument 'catkin_skip_building_tests' from command line to 'False'
[0.311s] DEBUG:colcon.colcon_core.verb:Building package 'micro_ros_agent' with the following arguments: {'ament_cmake_args': None, 'build_base': '/home/quin/project_ws/quin_ws/src/build/micro_ros_agent', 'catkin_cmake_args': None, 'catkin_skip_building_tests': False, 'cmake_args': None, 'cmake_clean_cache': False, 'cmake_clean_first': False, 'cmake_force_configure': False, 'cmake_target': None, 'cmake_target_skip_unavailable': False, 'install_base': '/home/quin/project_ws/quin_ws/src/install/micro_ros_agent', 'merge_install': False, 'path': '/home/quin/project_ws/quin_ws/src/micro_ros_agent/micro_ros_agent', 'symlink_install': False, 'test_result_base': None}
[0.311s] INFO:colcon.colcon_core.executor:Executing jobs using 'parallel' executor
[0.312s] DEBUG:colcon.colcon_parallel_executor.executor.parallel:run_until_complete
[0.313s] INFO:colcon.colcon_ros.task.ament_cmake.build:Building ROS package in '/home/quin/project_ws/quin_ws/src/micro_ros_agent/micro_ros_agent' with build type 'ament_cmake'
[0.313s] INFO:colcon.colcon_cmake.task.cmake.build:Building CMake package in '/home/quin/project_ws/quin_ws/src/micro_ros_agent/micro_ros_agent'
[0.315s] INFO:colcon.colcon_core.plugin_system:Skipping extension 'colcon_core.shell.bat': Not used on non-Windows systems
[0.315s] INFO:colcon.colcon_core.shell:Skip shell extension 'powershell' for command environment: Not usable outside of PowerShell
[0.315s] DEBUG:colcon.colcon_core.shell:Skip shell extension 'dsv' for command environment
[0.325s] DEBUG:colcon.colcon_core.event_handler.log_command:Invoking command in '/home/quin/project_ws/quin_ws/src/build/micro_ros_agent': CMAKE_PREFIX_PATH=${CMAKE_PREFIX_PATH}:/opt/ros/jazzy PS1=\[\e]0;\u@\h: \w\a\]${debian_chroot:+($debian_chroot)}\[\033[01;32m\]\u@\h\[\033[00m\]:\[\033[01;34m\]\w\[\033[00m\]\$ /usr/bin/cmake /home/quin/project_ws/quin_ws/src/micro_ros_agent/micro_ros_agent -DCMAKE_INSTALL_PREFIX=/home/quin/project_ws/quin_ws/src/install/micro_ros_agent
[0.995s] DEBUG:colcon.colcon_core.event_handler.log_command:Invoked command in '/home/quin/project_ws/quin_ws/src/build/micro_ros_agent' returned '0': CMAKE_PREFIX_PATH=${CMAKE_PREFIX_PATH}:/opt/ros/jazzy PS1=\[\e]0;\u@\h: \w\a\]${debian_chroot:+($debian_chroot)}\[\033[01;32m\]\u@\h\[\033[00m\]:\[\033[01;34m\]\w\[\033[00m\]\$ /usr/bin/cmake /home/quin/project_ws/quin_ws/src/micro_ros_agent/micro_ros_agent -DCMAKE_INSTALL_PREFIX=/home/quin/project_ws/quin_ws/src/install/micro_ros_agent
[0.997s] DEBUG:colcon.colcon_core.event_handler.log_command:Invoking command in '/home/quin/project_ws/quin_ws/src/build/micro_ros_agent': CMAKE_PREFIX_PATH=${CMAKE_PREFIX_PATH}:/opt/ros/jazzy PS1=\[\e]0;\u@\h: \w\a\]${debian_chroot:+($debian_chroot)}\[\033[01;32m\]\u@\h\[\033[00m\]:\[\033[01;34m\]\w\[\033[00m\]\$ /usr/bin/cmake --build /home/quin/project_ws/quin_ws/src/build/micro_ros_agent -- -j4 -l4
[88.908s] DEBUG:colcon.colcon_core.event_handler.log_command:Invoked command in '/home/quin/project_ws/quin_ws/src/build/micro_ros_agent' returned '2': CMAKE_PREFIX_PATH=${CMAKE_PREFIX_PATH}:/opt/ros/jazzy PS1=\[\e]0;\u@\h: \w\a\]${debian_chroot:+($debian_chroot)}\[\033[01;32m\]\u@\h\[\033[00m\]:\[\033[01;34m\]\w\[\033[00m\]\$ /usr/bin/cmake --build /home/quin/project_ws/quin_ws/src/build/micro_ros_agent -- -j4 -l4
[88.908s] Level 1:colcon.colcon_core.environment:create_environment_scripts_only(micro_ros_agent)
[88.912s] Level 1:colcon.colcon_core.environment:checking '/home/quin/project_ws/quin_ws/src/install/micro_ros_agent' for CMake module files
[88.912s] Level 1:colcon.colcon_core.environment:checking '/home/quin/project_ws/quin_ws/src/install/micro_ros_agent' for CMake config files
[88.913s] Level 1:colcon.colcon_core.environment:checking '/home/quin/project_ws/quin_ws/src/install/micro_ros_agent/bin'
[88.913s] Level 1:colcon.colcon_core.environment:checking '/home/quin/project_ws/quin_ws/src/install/micro_ros_agent/lib/pkgconfig/micro_ros_agent.pc'
[88.913s] Level 1:colcon.colcon_core.environment:checking '/home/quin/project_ws/quin_ws/src/install/micro_ros_agent/lib/python3.12/site-packages'
[88.914s] Level 1:colcon.colcon_core.environment:checking '/home/quin/project_ws/quin_ws/src/install/micro_ros_agent/bin'
[88.914s] INFO:colcon.colcon_core.shell:Creating package script '/home/quin/project_ws/quin_ws/src/install/micro_ros_agent/share/micro_ros_agent/package.ps1'
[88.915s] INFO:colcon.colcon_core.shell:Creating package descriptor '/home/quin/project_ws/quin_ws/src/install/micro_ros_agent/share/micro_ros_agent/package.dsv'
[88.916s] INFO:colcon.colcon_core.shell:Creating package script '/home/quin/project_ws/quin_ws/src/install/micro_ros_agent/share/micro_ros_agent/package.sh'
[88.916s] INFO:colcon.colcon_core.shell:Creating package script '/home/quin/project_ws/quin_ws/src/install/micro_ros_agent/share/micro_ros_agent/package.bash'
[88.917s] INFO:colcon.colcon_core.shell:Creating package script '/home/quin/project_ws/quin_ws/src/install/micro_ros_agent/share/micro_ros_agent/package.zsh'
[88.918s] Level 1:colcon.colcon_core.environment:create_file_with_runtime_dependencies(/home/quin/project_ws/quin_ws/src/install/micro_ros_agent/share/colcon-core/packages/micro_ros_agent)
[88.929s] DEBUG:colcon.colcon_parallel_executor.executor.parallel:closing loop
[88.929s] DEBUG:colcon.colcon_parallel_executor.executor.parallel:loop closed
[88.929s] DEBUG:colcon.colcon_parallel_executor.executor.parallel:run_until_complete finished with '2'
[88.929s] DEBUG:colcon.colcon_core.event_reactor:joining thread
[88.937s] INFO:colcon.colcon_core.plugin_system:Skipping extension 'colcon_notification.desktop_notification.notify_send': Could not find 'notify-send'
[88.937s] INFO:colcon.colcon_core.plugin_system:Skipping extension 'colcon_notification.desktop_notification.terminal_notifier': Not used on non-Darwin systems
[88.937s] INFO:colcon.colcon_core.plugin_system:Skipping extension 'colcon_notification.desktop_notification.win32': Not used on non-Windows systems
[88.937s] INFO:colcon.colcon_notification.desktop_notification:Sending desktop notification using 'notify2'
[88.938s] DEBUG:colcon.colcon_notification.desktop_notification.notify2:Failed to initialize notify2: org.freedesktop.DBus.Error.ServiceUnknown: The name org.freedesktop.Notifications was not provided by any .service files
[88.938s] DEBUG:colcon.colcon_core.event_reactor:joined thread
[88.939s] INFO:colcon.colcon_core.shell:Creating prefix script '/home/quin/project_ws/quin_ws/src/install/local_setup.ps1'
[88.940s] INFO:colcon.colcon_core.shell:Creating prefix util module '/home/quin/project_ws/quin_ws/src/install/_local_setup_util_ps1.py'
[88.942s] INFO:colcon.colcon_core.shell:Creating prefix chain script '/home/quin/project_ws/quin_ws/src/install/setup.ps1'
[88.943s] INFO:colcon.colcon_core.shell:Creating prefix script '/home/quin/project_ws/quin_ws/src/install/local_setup.sh'
[88.944s] INFO:colcon.colcon_core.shell:Creating prefix util module '/home/quin/project_ws/quin_ws/src/install/_local_setup_util_sh.py'
[88.945s] INFO:colcon.colcon_core.shell:Creating prefix chain script '/home/quin/project_ws/quin_ws/src/install/setup.sh'
[88.946s] INFO:colcon.colcon_core.shell:Creating prefix script '/home/quin/project_ws/quin_ws/src/install/local_setup.bash'
[88.947s] INFO:colcon.colcon_core.shell:Creating prefix chain script '/home/quin/project_ws/quin_ws/src/install/setup.bash'
[88.948s] INFO:colcon.colcon_core.shell:Creating prefix script '/home/quin/project_ws/quin_ws/src/install/local_setup.zsh'
[88.948s] INFO:colcon.colcon_core.shell:Creating prefix chain script '/home/quin/project_ws/quin_ws/src/install/setup.zsh'
