[0.153s] DEBUG:colcon:Command line arguments: ['/usr/bin/colcon', 'build']
[0.154s] DEBUG:colcon:Parsed command line arguments: Namespace(log_base=None, log_level=None, verb_name='build', build_base='build', install_base='install', merge_install=False, symlink_install=False, test_result_base=None, continue_on_error=False, executor='parallel', parallel_workers=12, event_handlers=None, ignore_user_meta=False, metas=['./colcon.meta'], base_paths=['.'], packages_ignore=None, packages_ignore_regex=None, paths=None, packages_up_to=None, packages_up_to_regex=None, packages_above=None, packages_above_and_dependencies=None, packages_above_depth=None, packages_select_by_dep=None, packages_skip_by_dep=None, packages_skip_up_to=None, packages_select_build_failed=False, packages_skip_build_finished=False, packages_select_test_failures=False, packages_skip_test_passed=False, packages_select=None, packages_skip=None, packages_select_regex=None, packages_skip_regex=None, packages_start=None, packages_end=None, allow_overriding=[], cmake_args=None, cmake_target=None, cmake_target_skip_unavailable=False, cmake_clean_cache=False, cmake_clean_first=False, cmake_force_configure=False, ament_cmake_args=None, catkin_cmake_args=None, catkin_skip_building_tests=False, mixin_files=None, mixin=None, verb_parser=<colcon_mixin.mixin.mixin_argument.MixinArgumentDecorator object at 0x733c4b3ec140>, verb_extension=<colcon_core.verb.build.BuildVerb object at 0x733c4b31e510>, main=<bound method BuildVerb.main of <colcon_core.verb.build.BuildVerb object at 0x733c4b31e510>>, mixin_verb=('build',))
[0.189s] Level 1:colcon.colcon_core.package_discovery:discover_packages(colcon_meta) check parameters
[0.189s] Level 1:colcon.colcon_core.package_discovery:discover_packages(recursive) check parameters
[0.189s] Level 1:colcon.colcon_core.package_discovery:discover_packages(ignore) check parameters
[0.189s] Level 1:colcon.colcon_core.package_discovery:discover_packages(path) check parameters
[0.189s] Level 1:colcon.colcon_core.package_discovery:discover_packages(colcon_meta) discover
[0.189s] Level 1:colcon.colcon_core.package_discovery:discover_packages(recursive) discover
[0.189s] INFO:colcon.colcon_core.package_discovery:Crawling recursively for packages in '/home/earn/project_ws/quin_ws'
[0.189s] Level 1:colcon.colcon_core.package_identification:_identify(.) by extensions ['ignore', 'ignore_ament_install']
[0.190s] Level 1:colcon.colcon_core.package_identification:_identify(.) by extension 'ignore'
[0.190s] Level 1:colcon.colcon_core.package_identification:_identify(.) by extension 'ignore_ament_install'
[0.190s] Level 1:colcon.colcon_core.package_identification:_identify(.) by extensions ['colcon_pkg']
[0.190s] Level 1:colcon.colcon_core.package_identification:_identify(.) by extension 'colcon_pkg'
[0.190s] Level 1:colcon.colcon_core.package_identification:_identify(.) by extensions ['colcon_meta']
[0.190s] Level 1:colcon.colcon_core.package_identification:_identify(.) by extension 'colcon_meta'
[0.190s] Level 1:colcon.colcon_core.package_identification:_identify(.) by extensions ['ros']
[0.190s] Level 1:colcon.colcon_core.package_identification:_identify(.) by extension 'ros'
[0.209s] Level 1:colcon.colcon_core.package_identification:_identify(.) by extensions ['cmake', 'python']
[0.209s] Level 1:colcon.colcon_core.package_identification:_identify(.) by extension 'cmake'
[0.209s] Level 1:colcon.colcon_core.package_identification:_identify(.) by extension 'python'
[0.209s] Level 1:colcon.colcon_core.package_identification:_identify(.) by extensions ['python_setup_py']
[0.209s] Level 1:colcon.colcon_core.package_identification:_identify(.) by extension 'python_setup_py'
[0.209s] Level 1:colcon.colcon_core.package_identification:_identify(build) by extensions ['ignore', 'ignore_ament_install']
[0.209s] Level 1:colcon.colcon_core.package_identification:_identify(build) by extension 'ignore'
[0.209s] Level 1:colcon.colcon_core.package_identification:_identify(build) ignored
[0.209s] Level 1:colcon.colcon_core.package_identification:_identify(install) by extensions ['ignore', 'ignore_ament_install']
[0.209s] Level 1:colcon.colcon_core.package_identification:_identify(install) by extension 'ignore'
[0.210s] Level 1:colcon.colcon_core.package_identification:_identify(install) ignored
[0.210s] Level 1:colcon.colcon_core.package_identification:_identify(log) by extensions ['ignore', 'ignore_ament_install']
[0.210s] Level 1:colcon.colcon_core.package_identification:_identify(log) by extension 'ignore'
[0.210s] Level 1:colcon.colcon_core.package_identification:_identify(log) ignored
[0.210s] Level 1:colcon.colcon_core.package_identification:_identify(src) by extensions ['ignore', 'ignore_ament_install']
[0.210s] Level 1:colcon.colcon_core.package_identification:_identify(src) by extension 'ignore'
[0.210s] Level 1:colcon.colcon_core.package_identification:_identify(src) by extension 'ignore_ament_install'
[0.210s] Level 1:colcon.colcon_core.package_identification:_identify(src) by extensions ['colcon_pkg']
[0.210s] Level 1:colcon.colcon_core.package_identification:_identify(src) by extension 'colcon_pkg'
[0.210s] Level 1:colcon.colcon_core.package_identification:_identify(src) by extensions ['colcon_meta']
[0.210s] Level 1:colcon.colcon_core.package_identification:_identify(src) by extension 'colcon_meta'
[0.210s] Level 1:colcon.colcon_core.package_identification:_identify(src) by extensions ['ros']
[0.210s] Level 1:colcon.colcon_core.package_identification:_identify(src) by extension 'ros'
[0.210s] Level 1:colcon.colcon_core.package_identification:_identify(src) by extensions ['cmake', 'python']
[0.210s] Level 1:colcon.colcon_core.package_identification:_identify(src) by extension 'cmake'
[0.210s] Level 1:colcon.colcon_core.package_identification:_identify(src) by extension 'python'
[0.210s] Level 1:colcon.colcon_core.package_identification:_identify(src) by extensions ['python_setup_py']
[0.210s] Level 1:colcon.colcon_core.package_identification:_identify(src) by extension 'python_setup_py'
[0.210s] Level 1:colcon.colcon_core.package_identification:_identify(src/quin_core) by extensions ['ignore', 'ignore_ament_install']
[0.210s] Level 1:colcon.colcon_core.package_identification:_identify(src/quin_core) by extension 'ignore'
[0.210s] Level 1:colcon.colcon_core.package_identification:_identify(src/quin_core) by extension 'ignore_ament_install'
[0.210s] Level 1:colcon.colcon_core.package_identification:_identify(src/quin_core) by extensions ['colcon_pkg']
[0.211s] Level 1:colcon.colcon_core.package_identification:_identify(src/quin_core) by extension 'colcon_pkg'
[0.211s] Level 1:colcon.colcon_core.package_identification:_identify(src/quin_core) by extensions ['colcon_meta']
[0.211s] Level 1:colcon.colcon_core.package_identification:_identify(src/quin_core) by extension 'colcon_meta'
[0.211s] Level 1:colcon.colcon_core.package_identification:_identify(src/quin_core) by extensions ['ros']
[0.211s] Level 1:colcon.colcon_core.package_identification:_identify(src/quin_core) by extension 'ros'
[0.213s] DEBUG:colcon.colcon_core.package_identification:Package 'src/quin_core' with type 'ros.ament_cmake' and name 'quin_core'
[0.213s] Level 1:colcon.colcon_core.package_discovery:discover_packages(recursive) using defaults
[0.213s] Level 1:colcon.colcon_core.package_discovery:discover_packages(ignore) discover
[0.213s] Level 1:colcon.colcon_core.package_discovery:discover_packages(ignore) using defaults
[0.213s] Level 1:colcon.colcon_core.package_discovery:discover_packages(path) discover
[0.213s] Level 1:colcon.colcon_core.package_discovery:discover_packages(path) using defaults
[0.230s] Level 1:colcon.colcon_core.package_discovery:discover_packages(prefix_path) check parameters
[0.230s] Level 1:colcon.colcon_core.package_discovery:discover_packages(prefix_path) discover
[0.233s] DEBUG:colcon.colcon_installed_package_information.package_discovery:Found 1 installed packages in /home/earn/project_ws/quin_ws/install
[0.234s] DEBUG:colcon.colcon_installed_package_information.package_discovery:Found 1 installed packages in /home/earn/Desktop/Robo201/proj_ws/install
[0.234s] DEBUG:colcon.colcon_installed_package_information.package_discovery:Found 2 installed packages in /home/earn/microros_ws/install
[0.234s] DEBUG:colcon.colcon_installed_package_information.package_discovery:Found 1 installed packages in /home/earn/ktp_ws/install
[0.235s] DEBUG:colcon.colcon_installed_package_information.package_discovery:Found 4 installed packages in /home/earn/ros2_ws/install
[0.235s] DEBUG:colcon.colcon_installed_package_information.package_discovery:Found 12 installed packages in /home/earn/turtlebot3_ws/install
[0.236s] DEBUG:colcon.colcon_installed_package_information.package_discovery:Found 2 installed packages in /home/earn/shaq_and_koby_ws/robot_ws/install
[0.236s] DEBUG:colcon.colcon_installed_package_information.package_discovery:Found 1 installed packages in /home/earn/uros_ws/install
[0.237s] DEBUG:colcon.colcon_installed_package_information.package_discovery:Found 198 installed packages in /opt/ros/jazzy
[0.237s] Level 1:colcon.colcon_core.package_discovery:discover_packages(prefix_path) using defaults
[0.262s] Level 5:colcon.colcon_core.verb:set package 'quin_core' build argument 'cmake_args' from command line to 'None'
[0.262s] Level 5:colcon.colcon_core.verb:set package 'quin_core' build argument 'cmake_target' from command line to 'None'
[0.262s] Level 5:colcon.colcon_core.verb:set package 'quin_core' build argument 'cmake_target_skip_unavailable' from command line to 'False'
[0.262s] Level 5:colcon.colcon_core.verb:set package 'quin_core' build argument 'cmake_clean_cache' from command line to 'False'
[0.262s] Level 5:colcon.colcon_core.verb:set package 'quin_core' build argument 'cmake_clean_first' from command line to 'False'
[0.262s] Level 5:colcon.colcon_core.verb:set package 'quin_core' build argument 'cmake_force_configure' from command line to 'False'
[0.262s] Level 5:colcon.colcon_core.verb:set package 'quin_core' build argument 'ament_cmake_args' from command line to 'None'
[0.262s] Level 5:colcon.colcon_core.verb:set package 'quin_core' build argument 'catkin_cmake_args' from command line to 'None'
[0.262s] Level 5:colcon.colcon_core.verb:set package 'quin_core' build argument 'catkin_skip_building_tests' from command line to 'False'
[0.262s] DEBUG:colcon.colcon_core.verb:Building package 'quin_core' with the following arguments: {'ament_cmake_args': None, 'build_base': '/home/earn/project_ws/quin_ws/build/quin_core', 'catkin_cmake_args': None, 'catkin_skip_building_tests': False, 'cmake_args': None, 'cmake_clean_cache': False, 'cmake_clean_first': False, 'cmake_force_configure': False, 'cmake_target': None, 'cmake_target_skip_unavailable': False, 'install_base': '/home/earn/project_ws/quin_ws/install/quin_core', 'merge_install': False, 'path': '/home/earn/project_ws/quin_ws/src/quin_core', 'symlink_install': False, 'test_result_base': None}
[0.262s] INFO:colcon.colcon_core.executor:Executing jobs using 'parallel' executor
[0.262s] DEBUG:colcon.colcon_parallel_executor.executor.parallel:run_until_complete
[0.263s] INFO:colcon.colcon_ros.task.ament_cmake.build:Building ROS package in '/home/earn/project_ws/quin_ws/src/quin_core' with build type 'ament_cmake'
[0.263s] INFO:colcon.colcon_cmake.task.cmake.build:Building CMake package in '/home/earn/project_ws/quin_ws/src/quin_core'
[0.267s] INFO:colcon.colcon_core.plugin_system:Skipping extension 'colcon_core.shell.bat': Not used on non-Windows systems
[0.267s] INFO:colcon.colcon_core.shell:Skip shell extension 'powershell' for command environment: Not usable outside of PowerShell
[0.267s] DEBUG:colcon.colcon_core.shell:Skip shell extension 'dsv' for command environment
[0.277s] DEBUG:colcon.colcon_core.event_handler.log_command:Invoking command in '/home/earn/project_ws/quin_ws/build/quin_core': CMAKE_PREFIX_PATH=${CMAKE_PREFIX_PATH}:/opt/ros/jazzy:/home/earn/ktp_ws/install/my_robot_controller:/home/earn/ros2_ws/install/py_srvcli:/home/earn/ros2_ws/install/py_pubsub:/home/earn/ros2_ws/install/my_robot_controller:/home/earn/turtlebot3_ws/install/turtlebot3_teleop:/home/earn/turtlebot3_ws/install/turtlebot3_example DEBUGINFOD_URLS=https://debuginfod.ubuntu.com /usr/bin/cmake --build /home/earn/project_ws/quin_ws/build/quin_core -- -j12 -l12
[0.595s] DEBUG:colcon.colcon_core.event_handler.log_command:Invoked command in '/home/earn/project_ws/quin_ws/build/quin_core' returned '0': CMAKE_PREFIX_PATH=${CMAKE_PREFIX_PATH}:/opt/ros/jazzy:/home/earn/ktp_ws/install/my_robot_controller:/home/earn/ros2_ws/install/py_srvcli:/home/earn/ros2_ws/install/py_pubsub:/home/earn/ros2_ws/install/my_robot_controller:/home/earn/turtlebot3_ws/install/turtlebot3_teleop:/home/earn/turtlebot3_ws/install/turtlebot3_example DEBUGINFOD_URLS=https://debuginfod.ubuntu.com /usr/bin/cmake --build /home/earn/project_ws/quin_ws/build/quin_core -- -j12 -l12
[0.604s] DEBUG:colcon.colcon_core.event_handler.log_command:Invoking command in '/home/earn/project_ws/quin_ws/build/quin_core': CMAKE_PREFIX_PATH=${CMAKE_PREFIX_PATH}:/opt/ros/jazzy:/home/earn/ktp_ws/install/my_robot_controller:/home/earn/ros2_ws/install/py_srvcli:/home/earn/ros2_ws/install/py_pubsub:/home/earn/ros2_ws/install/my_robot_controller:/home/earn/turtlebot3_ws/install/turtlebot3_teleop:/home/earn/turtlebot3_ws/install/turtlebot3_example DEBUGINFOD_URLS=https://debuginfod.ubuntu.com /usr/bin/cmake --install /home/earn/project_ws/quin_ws/build/quin_core
[0.647s] Level 1:colcon.colcon_core.environment:create_environment_scripts_only(quin_core)
[0.648s] DEBUG:colcon.colcon_core.event_handler.log_command:Invoked command in '/home/earn/project_ws/quin_ws/build/quin_core' returned '0': CMAKE_PREFIX_PATH=${CMAKE_PREFIX_PATH}:/opt/ros/jazzy:/home/earn/ktp_ws/install/my_robot_controller:/home/earn/ros2_ws/install/py_srvcli:/home/earn/ros2_ws/install/py_pubsub:/home/earn/ros2_ws/install/my_robot_controller:/home/earn/turtlebot3_ws/install/turtlebot3_teleop:/home/earn/turtlebot3_ws/install/turtlebot3_example DEBUGINFOD_URLS=https://debuginfod.ubuntu.com /usr/bin/cmake --install /home/earn/project_ws/quin_ws/build/quin_core
[0.651s] Level 1:colcon.colcon_core.environment:checking '/home/earn/project_ws/quin_ws/install/quin_core' for CMake module files
[0.652s] Level 1:colcon.colcon_core.environment:checking '/home/earn/project_ws/quin_ws/install/quin_core' for CMake config files
[0.652s] Level 1:colcon.colcon_core.shell:create_environment_hook('quin_core', 'cmake_prefix_path')
[0.652s] INFO:colcon.colcon_core.shell:Creating environment hook '/home/earn/project_ws/quin_ws/install/quin_core/share/quin_core/hook/cmake_prefix_path.ps1'
[0.653s] INFO:colcon.colcon_core.shell:Creating environment descriptor '/home/earn/project_ws/quin_ws/install/quin_core/share/quin_core/hook/cmake_prefix_path.dsv'
[0.653s] INFO:colcon.colcon_core.shell:Creating environment hook '/home/earn/project_ws/quin_ws/install/quin_core/share/quin_core/hook/cmake_prefix_path.sh'
[0.654s] Level 1:colcon.colcon_core.environment:checking '/home/earn/project_ws/quin_ws/install/quin_core/lib'
[0.654s] Level 1:colcon.colcon_core.environment:checking '/home/earn/project_ws/quin_ws/install/quin_core/bin'
[0.654s] Level 1:colcon.colcon_core.environment:checking '/home/earn/project_ws/quin_ws/install/quin_core/lib/pkgconfig/quin_core.pc'
[0.654s] Level 1:colcon.colcon_core.environment:checking '/home/earn/project_ws/quin_ws/install/quin_core/lib/python3.12/site-packages'
[0.654s] Level 1:colcon.colcon_core.shell:create_environment_hook('quin_core', 'pythonpath')
[0.654s] INFO:colcon.colcon_core.shell:Creating environment hook '/home/earn/project_ws/quin_ws/install/quin_core/share/quin_core/hook/pythonpath.ps1'
[0.654s] INFO:colcon.colcon_core.shell:Creating environment descriptor '/home/earn/project_ws/quin_ws/install/quin_core/share/quin_core/hook/pythonpath.dsv'
[0.655s] INFO:colcon.colcon_core.shell:Creating environment hook '/home/earn/project_ws/quin_ws/install/quin_core/share/quin_core/hook/pythonpath.sh'
[0.655s] Level 1:colcon.colcon_core.environment:checking '/home/earn/project_ws/quin_ws/install/quin_core/bin'
[0.655s] INFO:colcon.colcon_core.shell:Creating package script '/home/earn/project_ws/quin_ws/install/quin_core/share/quin_core/package.ps1'
[0.656s] INFO:colcon.colcon_core.shell:Creating package descriptor '/home/earn/project_ws/quin_ws/install/quin_core/share/quin_core/package.dsv'
[0.656s] INFO:colcon.colcon_core.shell:Creating package script '/home/earn/project_ws/quin_ws/install/quin_core/share/quin_core/package.sh'
[0.657s] INFO:colcon.colcon_core.shell:Creating package script '/home/earn/project_ws/quin_ws/install/quin_core/share/quin_core/package.bash'
[0.657s] INFO:colcon.colcon_core.shell:Creating package script '/home/earn/project_ws/quin_ws/install/quin_core/share/quin_core/package.zsh'
[0.658s] Level 1:colcon.colcon_core.environment:create_file_with_runtime_dependencies(/home/earn/project_ws/quin_ws/install/quin_core/share/colcon-core/packages/quin_core)
[0.658s] Level 1:colcon.colcon_core.environment:create_environment_scripts_only(quin_core)
[0.658s] Level 1:colcon.colcon_core.environment:checking '/home/earn/project_ws/quin_ws/install/quin_core' for CMake module files
[0.659s] Level 1:colcon.colcon_core.environment:checking '/home/earn/project_ws/quin_ws/install/quin_core' for CMake config files
[0.659s] Level 1:colcon.colcon_core.shell:create_environment_hook('quin_core', 'cmake_prefix_path')
[0.659s] INFO:colcon.colcon_core.shell:Creating environment hook '/home/earn/project_ws/quin_ws/install/quin_core/share/quin_core/hook/cmake_prefix_path.ps1'
[0.659s] INFO:colcon.colcon_core.shell:Creating environment descriptor '/home/earn/project_ws/quin_ws/install/quin_core/share/quin_core/hook/cmake_prefix_path.dsv'
[0.659s] INFO:colcon.colcon_core.shell:Creating environment hook '/home/earn/project_ws/quin_ws/install/quin_core/share/quin_core/hook/cmake_prefix_path.sh'
[0.660s] Level 1:colcon.colcon_core.environment:checking '/home/earn/project_ws/quin_ws/install/quin_core/lib'
[0.660s] Level 1:colcon.colcon_core.environment:checking '/home/earn/project_ws/quin_ws/install/quin_core/bin'
[0.660s] Level 1:colcon.colcon_core.environment:checking '/home/earn/project_ws/quin_ws/install/quin_core/lib/pkgconfig/quin_core.pc'
[0.660s] Level 1:colcon.colcon_core.environment:checking '/home/earn/project_ws/quin_ws/install/quin_core/lib/python3.12/site-packages'
[0.660s] Level 1:colcon.colcon_core.shell:create_environment_hook('quin_core', 'pythonpath')
[0.660s] INFO:colcon.colcon_core.shell:Creating environment hook '/home/earn/project_ws/quin_ws/install/quin_core/share/quin_core/hook/pythonpath.ps1'
[0.661s] INFO:colcon.colcon_core.shell:Creating environment descriptor '/home/earn/project_ws/quin_ws/install/quin_core/share/quin_core/hook/pythonpath.dsv'
[0.661s] INFO:colcon.colcon_core.shell:Creating environment hook '/home/earn/project_ws/quin_ws/install/quin_core/share/quin_core/hook/pythonpath.sh'
[0.661s] Level 1:colcon.colcon_core.environment:checking '/home/earn/project_ws/quin_ws/install/quin_core/bin'
[0.661s] INFO:colcon.colcon_core.shell:Creating package script '/home/earn/project_ws/quin_ws/install/quin_core/share/quin_core/package.ps1'
[0.662s] INFO:colcon.colcon_core.shell:Creating package descriptor '/home/earn/project_ws/quin_ws/install/quin_core/share/quin_core/package.dsv'
[0.662s] INFO:colcon.colcon_core.shell:Creating package script '/home/earn/project_ws/quin_ws/install/quin_core/share/quin_core/package.sh'
[0.662s] INFO:colcon.colcon_core.shell:Creating package script '/home/earn/project_ws/quin_ws/install/quin_core/share/quin_core/package.bash'
[0.663s] INFO:colcon.colcon_core.shell:Creating package script '/home/earn/project_ws/quin_ws/install/quin_core/share/quin_core/package.zsh'
[0.663s] Level 1:colcon.colcon_core.environment:create_file_with_runtime_dependencies(/home/earn/project_ws/quin_ws/install/quin_core/share/colcon-core/packages/quin_core)
[0.664s] DEBUG:colcon.colcon_parallel_executor.executor.parallel:closing loop
[0.664s] DEBUG:colcon.colcon_parallel_executor.executor.parallel:loop closed
[0.664s] DEBUG:colcon.colcon_parallel_executor.executor.parallel:run_until_complete finished with '0'
[0.664s] DEBUG:colcon.colcon_core.event_reactor:joining thread
[0.670s] INFO:colcon.colcon_core.plugin_system:Skipping extension 'colcon_notification.desktop_notification.terminal_notifier': Not used on non-Darwin systems
[0.671s] INFO:colcon.colcon_core.plugin_system:Skipping extension 'colcon_notification.desktop_notification.win32': Not used on non-Windows systems
[0.671s] INFO:colcon.colcon_notification.desktop_notification:Sending desktop notification using 'notify2'
[0.682s] DEBUG:colcon.colcon_core.event_reactor:joined thread
[0.682s] INFO:colcon.colcon_core.shell:Creating prefix script '/home/earn/project_ws/quin_ws/install/local_setup.ps1'
[0.683s] INFO:colcon.colcon_core.shell:Creating prefix util module '/home/earn/project_ws/quin_ws/install/_local_setup_util_ps1.py'
[0.683s] INFO:colcon.colcon_core.shell:Creating prefix chain script '/home/earn/project_ws/quin_ws/install/setup.ps1'
[0.685s] INFO:colcon.colcon_core.shell:Creating prefix script '/home/earn/project_ws/quin_ws/install/local_setup.sh'
[0.685s] INFO:colcon.colcon_core.shell:Creating prefix util module '/home/earn/project_ws/quin_ws/install/_local_setup_util_sh.py'
[0.686s] INFO:colcon.colcon_core.shell:Creating prefix chain script '/home/earn/project_ws/quin_ws/install/setup.sh'
[0.687s] INFO:colcon.colcon_core.shell:Creating prefix script '/home/earn/project_ws/quin_ws/install/local_setup.bash'
[0.688s] INFO:colcon.colcon_core.shell:Creating prefix chain script '/home/earn/project_ws/quin_ws/install/setup.bash'
[0.689s] INFO:colcon.colcon_core.shell:Creating prefix script '/home/earn/project_ws/quin_ws/install/local_setup.zsh'
[0.690s] INFO:colcon.colcon_core.shell:Creating prefix chain script '/home/earn/project_ws/quin_ws/install/setup.zsh'
