[0.058s] Invoking command in '/home/quin/project_ws/quin_ws/build/quin_core': CMAKE_PREFIX_PATH=${CMAKE_PREFIX_PATH}:/opt/ros/jazzy /usr/bin/cmake --build /home/quin/project_ws/quin_ws/build/quin_core -- -j4 -l4
[0.162s] Built target ament_cmake_python_copy_quin_core
[0.458s] running egg_info
[0.482s] writing quin_core.egg-info/PKG-INFO
[0.482s] writing dependency_links to quin_core.egg-info/dependency_links.txt
[0.487s] writing top-level names to quin_core.egg-info/top_level.txt
[0.560s] reading manifest file 'quin_core.egg-info/SOURCES.txt'
[0.560s] writing manifest file 'quin_core.egg-info/SOURCES.txt'
[0.627s] Built target ament_cmake_python_build_quin_core_egg
[0.648s] Invoked command in '/home/quin/project_ws/quin_ws/build/quin_core' returned '0': CMAKE_PREFIX_PATH=${CMAKE_PREFIX_PATH}:/opt/ros/jazzy /usr/bin/cmake --build /home/quin/project_ws/quin_ws/build/quin_core -- -j4 -l4
[0.666s] Invoking command in '/home/quin/project_ws/quin_ws/build/quin_core': CMAKE_PREFIX_PATH=${CMAKE_PREFIX_PATH}:/opt/ros/jazzy /usr/bin/cmake --install /home/quin/project_ws/quin_ws/build/quin_core
[0.679s] -- Install configuration: ""
[0.679s] -- Up-to-date: /home/quin/project_ws/quin_ws/install/quin_core/share/quin_core/launch
[0.680s] -- Up-to-date: /home/quin/project_ws/quin_ws/install/quin_core/share/quin_core/launch/joystickController.launch.py
[0.680s] -- Up-to-date: /home/quin/project_ws/quin_ws/install/quin_core/share/quin_core/launch/microros.launch.py
[0.680s] -- Up-to-date: /home/quin/project_ws/quin_ws/install/quin_core/share/quin_core/launch/bot_bringup.launch.py
[0.680s] -- Up-to-date: /home/quin/project_ws/quin_ws/install/quin_core/share/quin_core/scripts
[0.680s] -- Up-to-date: /home/quin/project_ws/quin_ws/install/quin_core/share/quin_core/scripts/cmd_move.py
[0.680s] -- Up-to-date: /home/quin/project_ws/quin_ws/install/quin_core/share/quin_core/scripts/joystick_control
[0.680s] -- Up-to-date: /home/quin/project_ws/quin_ws/install/quin_core/share/quin_core/scripts/cmd_move
[0.680s] -- Up-to-date: /home/quin/project_ws/quin_ws/install/quin_core/share/quin_core/scripts/joystick_control.py
[0.681s] -- Up-to-date: /home/quin/project_ws/quin_ws/install/quin_core/share/quin_core/config
[0.681s] -- Up-to-date: /home/quin/project_ws/quin_ws/install/quin_core/share/quin_core/config/locations.yaml
[0.681s] -- Up-to-date: /home/quin/project_ws/quin_ws/install/quin_core/share/quin_core/config/motor_config.yaml
[0.681s] -- Up-to-date: /home/quin/project_ws/quin_ws/install/quin_core/share/quin_core/environment/pythonpath.sh
[0.681s] -- Up-to-date: /home/quin/project_ws/quin_ws/install/quin_core/share/quin_core/environment/pythonpath.dsv
[0.681s] -- Up-to-date: /home/quin/project_ws/quin_ws/install/quin_core/lib/python3.12/site-packages/quin_core-2.1.5-py3.12.egg-info
[0.681s] -- Installing: /home/quin/project_ws/quin_ws/install/quin_core/lib/python3.12/site-packages/quin_core-2.1.5-py3.12.egg-info/SOURCES.txt
[0.681s] -- Installing: /home/quin/project_ws/quin_ws/install/quin_core/lib/python3.12/site-packages/quin_core-2.1.5-py3.12.egg-info/top_level.txt
[0.681s] -- Installing: /home/quin/project_ws/quin_ws/install/quin_core/lib/python3.12/site-packages/quin_core-2.1.5-py3.12.egg-info/PKG-INFO
[0.681s] -- Installing: /home/quin/project_ws/quin_ws/install/quin_core/lib/python3.12/site-packages/quin_core-2.1.5-py3.12.egg-info/dependency_links.txt
[0.682s] -- Up-to-date: /home/quin/project_ws/quin_ws/install/quin_core/lib/python3.12/site-packages/quin_core
[0.682s] -- Up-to-date: /home/quin/project_ws/quin_ws/install/quin_core/lib/python3.12/site-packages/quin_core/utilize.py
[0.682s] -- Up-to-date: /home/quin/project_ws/quin_ws/install/quin_core/lib/python3.12/site-packages/quin_core/__init__.py
[0.682s] -- Up-to-date: /home/quin/project_ws/quin_ws/install/quin_core/lib/python3.12/site-packages/quin_core/controller.py
[0.735s] Listing '/home/quin/project_ws/quin_ws/install/quin_core/lib/python3.12/site-packages/quin_core'...
[0.748s] -- Up-to-date: /home/quin/project_ws/quin_ws/install/quin_core/lib/quin_core/joystick_control.py
[0.749s] -- Up-to-date: /home/quin/project_ws/quin_ws/install/quin_core/lib/quin_core/cmd_move.py
[0.750s] -- Up-to-date: /home/quin/project_ws/quin_ws/install/quin_core/lib/quin_core/src/controller.py
[0.750s] -- Up-to-date: /home/quin/project_ws/quin_ws/install/quin_core/lib/quin_core/src/utilize.py
[0.750s] -- Up-to-date: /home/quin/project_ws/quin_ws/install/quin_core/share/ament_index/resource_index/package_run_dependencies/quin_core
[0.750s] -- Up-to-date: /home/quin/project_ws/quin_ws/install/quin_core/share/ament_index/resource_index/parent_prefix_path/quin_core
[0.750s] -- Up-to-date: /home/quin/project_ws/quin_ws/install/quin_core/share/quin_core/environment/ament_prefix_path.sh
[0.750s] -- Up-to-date: /home/quin/project_ws/quin_ws/install/quin_core/share/quin_core/environment/ament_prefix_path.dsv
[0.750s] -- Up-to-date: /home/quin/project_ws/quin_ws/install/quin_core/share/quin_core/environment/path.sh
[0.750s] -- Up-to-date: /home/quin/project_ws/quin_ws/install/quin_core/share/quin_core/environment/path.dsv
[0.750s] -- Up-to-date: /home/quin/project_ws/quin_ws/install/quin_core/share/quin_core/local_setup.bash
[0.751s] -- Up-to-date: /home/quin/project_ws/quin_ws/install/quin_core/share/quin_core/local_setup.sh
[0.751s] -- Up-to-date: /home/quin/project_ws/quin_ws/install/quin_core/share/quin_core/local_setup.zsh
[0.751s] -- Up-to-date: /home/quin/project_ws/quin_ws/install/quin_core/share/quin_core/local_setup.dsv
[0.751s] -- Installing: /home/quin/project_ws/quin_ws/install/quin_core/share/quin_core/package.dsv
[0.751s] -- Up-to-date: /home/quin/project_ws/quin_ws/install/quin_core/share/ament_index/resource_index/packages/quin_core
[0.751s] -- Up-to-date: /home/quin/project_ws/quin_ws/install/quin_core/share/quin_core/cmake/quin_coreConfig.cmake
[0.752s] -- Up-to-date: /home/quin/project_ws/quin_ws/install/quin_core/share/quin_core/cmake/quin_coreConfig-version.cmake
[0.753s] -- Up-to-date: /home/quin/project_ws/quin_ws/install/quin_core/share/quin_core/package.xml
[0.753s] Invoked command in '/home/quin/project_ws/quin_ws/build/quin_core' returned '0': CMAKE_PREFIX_PATH=${CMAKE_PREFIX_PATH}:/opt/ros/jazzy /usr/bin/cmake --install /home/quin/project_ws/quin_ws/build/quin_core
