Built target ament_cmake_python_copy_quin_core
running egg_info
writing quin_core.egg-info/PKG-INFO
writing dependency_links to quin_core.egg-info/dependency_links.txt
writing top-level names to quin_core.egg-info/top_level.txt
reading manifest file 'quin_core.egg-info/SOURCES.txt'
writing manifest file 'quin_core.egg-info/SOURCES.txt'
Built target ament_cmake_python_build_quin_core_egg
-- Install configuration: ""
-- Up-to-date: /home/earn/project_ws/quin_ws/install/quin_core/share/quin_core/launch
-- Up-to-date: /home/earn/project_ws/quin_ws/install/quin_core/share/quin_core/launch/bot_bringup.launch.py
-- Installing: /home/earn/project_ws/quin_ws/install/quin_core/share/quin_core/launch/joystickController.launch.py
-- Up-to-date: /home/earn/project_ws/quin_ws/install/quin_core/share/quin_core/launch/microros.launch.py
-- Up-to-date: /home/earn/project_ws/quin_ws/install/quin_core/share/quin_core/scripts
-- Up-to-date: /home/earn/project_ws/quin_ws/install/quin_core/share/quin_core/scripts/joystick_control.py
-- Up-to-date: /home/earn/project_ws/quin_ws/install/quin_core/share/quin_core/scripts/cmd_move
-- Up-to-date: /home/earn/project_ws/quin_ws/install/quin_core/share/quin_core/scripts/joystick_control
-- Up-to-date: /home/earn/project_ws/quin_ws/install/quin_core/share/quin_core/scripts/cmd_move.py
-- Up-to-date: /home/earn/project_ws/quin_ws/install/quin_core/share/quin_core/config
-- Up-to-date: /home/earn/project_ws/quin_ws/install/quin_core/share/quin_core/config/motor_config.yaml
-- Up-to-date: /home/earn/project_ws/quin_ws/install/quin_core/share/quin_core/config/locations.yaml
-- Up-to-date: /home/earn/project_ws/quin_ws/install/quin_core/share/quin_core/environment/pythonpath.sh
-- Up-to-date: /home/earn/project_ws/quin_ws/install/quin_core/share/quin_core/environment/pythonpath.dsv
-- Up-to-date: /home/earn/project_ws/quin_ws/install/quin_core/lib/python3.12/site-packages/quin_core-2.1.5-py3.12.egg-info
-- Installing: /home/earn/project_ws/quin_ws/install/quin_core/lib/python3.12/site-packages/quin_core-2.1.5-py3.12.egg-info/top_level.txt
-- Installing: /home/earn/project_ws/quin_ws/install/quin_core/lib/python3.12/site-packages/quin_core-2.1.5-py3.12.egg-info/SOURCES.txt
-- Installing: /home/earn/project_ws/quin_ws/install/quin_core/lib/python3.12/site-packages/quin_core-2.1.5-py3.12.egg-info/dependency_links.txt
-- Installing: /home/earn/project_ws/quin_ws/install/quin_core/lib/python3.12/site-packages/quin_core-2.1.5-py3.12.egg-info/PKG-INFO
-- Up-to-date: /home/earn/project_ws/quin_ws/install/quin_core/lib/python3.12/site-packages/quin_core
-- Up-to-date: /home/earn/project_ws/quin_ws/install/quin_core/lib/python3.12/site-packages/quin_core/__init__.py
Listing '/home/earn/project_ws/quin_ws/install/quin_core/lib/python3.12/site-packages/quin_core'...
-- Up-to-date: /home/earn/project_ws/quin_ws/install/quin_core/lib/quin_core/joystick_control
-- Up-to-date: /home/earn/project_ws/quin_ws/install/quin_core/lib/quin_core/cmd_move
-- Up-to-date: /home/earn/project_ws/quin_ws/install/quin_core/lib/quin_core/src/controller.py
-- Up-to-date: /home/earn/project_ws/quin_ws/install/quin_core/lib/quin_core/src/utilize.py
-- Up-to-date: /home/earn/project_ws/quin_ws/install/quin_core/share/ament_index/resource_index/package_run_dependencies/quin_core
-- Up-to-date: /home/earn/project_ws/quin_ws/install/quin_core/share/ament_index/resource_index/parent_prefix_path/quin_core
-- Up-to-date: /home/earn/project_ws/quin_ws/install/quin_core/share/quin_core/environment/ament_prefix_path.sh
-- Up-to-date: /home/earn/project_ws/quin_ws/install/quin_core/share/quin_core/environment/ament_prefix_path.dsv
-- Up-to-date: /home/earn/project_ws/quin_ws/install/quin_core/share/quin_core/environment/path.sh
-- Up-to-date: /home/earn/project_ws/quin_ws/install/quin_core/share/quin_core/environment/path.dsv
-- Up-to-date: /home/earn/project_ws/quin_ws/install/quin_core/share/quin_core/local_setup.bash
-- Up-to-date: /home/earn/project_ws/quin_ws/install/quin_core/share/quin_core/local_setup.sh
-- Up-to-date: /home/earn/project_ws/quin_ws/install/quin_core/share/quin_core/local_setup.zsh
-- Up-to-date: /home/earn/project_ws/quin_ws/install/quin_core/share/quin_core/local_setup.dsv
-- Installing: /home/earn/project_ws/quin_ws/install/quin_core/share/quin_core/package.dsv
-- Up-to-date: /home/earn/project_ws/quin_ws/install/quin_core/share/ament_index/resource_index/packages/quin_core
-- Up-to-date: /home/earn/project_ws/quin_ws/install/quin_core/share/quin_core/cmake/quin_coreConfig.cmake
-- Up-to-date: /home/earn/project_ws/quin_ws/install/quin_core/share/quin_core/cmake/quin_coreConfig-version.cmake
-- Up-to-date: /home/earn/project_ws/quin_ws/install/quin_core/share/quin_core/package.xml
