-- Found ament_cmake: 2.5.4 (/opt/ros/jazzy/share/ament_cmake/cmake)
-- Found tf2: 0.36.12 (/opt/ros/jazzy/share/tf2/cmake)
-- Found rosidl_generator_c: 4.6.5 (/opt/ros/jazzy/share/rosidl_generator_c/cmake)
-- Found rosidl_generator_cpp: 4.6.5 (/opt/ros/jazzy/share/rosidl_generator_cpp/cmake)
-- Using all available rosidl_typesupport_c: rosidl_typesupport_fastrtps_c;rosidl_typesupport_introspection_c
-- Using all available rosidl_typesupport_cpp: rosidl_typesupport_fastrtps_cpp;rosidl_typesupport_introspection_cpp
-- Found rclpy: 7.1.4 (/opt/ros/jazzy/share/rclpy/cmake)
-- Found rclcpp: 28.1.10 (/opt/ros/jazzy/share/rclcpp/cmake)
-- Found rmw_implementation_cmake: 7.3.2 (/opt/ros/jazzy/share/rmw_implementation_cmake/cmake)
-- Found rmw_fastrtps_cpp: 8.4.2 (/opt/ros/jazzy/share/rmw_fastrtps_cpp/cmake)
-- Using RMW implementation 'rmw_fastrtps_cpp' as default
-- Found cv_bridge: 4.1.0 (/opt/ros/jazzy/share/cv_bridge/cmake)
-- Found rclcpp_action: 28.1.10 (/opt/ros/jazzy/share/rclcpp_action/cmake)
-- Found tf2_geometry_msgs: 0.36.12 (/opt/ros/jazzy/share/tf2_geometry_msgs/cmake)
-- Found eigen3_cmake_module: 0.3.0 (/opt/ros/jazzy/share/eigen3_cmake_module/cmake)
-- Ensuring Eigen3 include directory is part of orocos-kdl CMake target
-- Found ament_lint_auto: 0.17.2 (/opt/ros/jazzy/share/ament_lint_auto/cmake)
-- Configuring done (1.2s)
-- Generating done (0.0s)
-- Build files have been written to: /home/quin/project_ws/quin_ws/build/quin_core
Built target ament_cmake_python_copy_quin_core
running egg_info
writing quin_core.egg-info/PKG-INFO
writing dependency_links to quin_core.egg-info/dependency_links.txt
writing top-level names to quin_core.egg-info/top_level.txt
reading manifest file 'quin_core.egg-info/SOURCES.txt'
writing manifest file 'quin_core.egg-info/SOURCES.txt'
Built target ament_cmake_python_build_quin_core_egg
-- Install configuration: ""
-- Up-to-date: /home/quin/project_ws/quin_ws/install/quin_core/share/quin_core/launch
-- Up-to-date: /home/quin/project_ws/quin_ws/install/quin_core/share/quin_core/launch/joystickController.launch.py
-- Up-to-date: /home/quin/project_ws/quin_ws/install/quin_core/share/quin_core/launch/microros.launch.py
-- Up-to-date: /home/quin/project_ws/quin_ws/install/quin_core/share/quin_core/launch/bot_bringup.launch.py
-- Up-to-date: /home/quin/project_ws/quin_ws/install/quin_core/share/quin_core/scripts
-- Up-to-date: /home/quin/project_ws/quin_ws/install/quin_core/share/quin_core/scripts/cmd_move.py
-- Up-to-date: /home/quin/project_ws/quin_ws/install/quin_core/share/quin_core/scripts/joystick_control
-- Up-to-date: /home/quin/project_ws/quin_ws/install/quin_core/share/quin_core/scripts/joystick_control.py
-- Up-to-date: /home/quin/project_ws/quin_ws/install/quin_core/share/quin_core/config
-- Up-to-date: /home/quin/project_ws/quin_ws/install/quin_core/share/quin_core/config/locations.yaml
-- Up-to-date: /home/quin/project_ws/quin_ws/install/quin_core/share/quin_core/config/motor_config.yaml
-- Up-to-date: /home/quin/project_ws/quin_ws/install/quin_core/share/quin_core/environment/pythonpath.sh
-- Up-to-date: /home/quin/project_ws/quin_ws/install/quin_core/share/quin_core/environment/pythonpath.dsv
-- Up-to-date: /home/quin/project_ws/quin_ws/install/quin_core/lib/python3.12/site-packages/quin_core-2.1.5-py3.12.egg-info
-- Installing: /home/quin/project_ws/quin_ws/install/quin_core/lib/python3.12/site-packages/quin_core-2.1.5-py3.12.egg-info/SOURCES.txt
-- Installing: /home/quin/project_ws/quin_ws/install/quin_core/lib/python3.12/site-packages/quin_core-2.1.5-py3.12.egg-info/top_level.txt
-- Installing: /home/quin/project_ws/quin_ws/install/quin_core/lib/python3.12/site-packages/quin_core-2.1.5-py3.12.egg-info/PKG-INFO
-- Installing: /home/quin/project_ws/quin_ws/install/quin_core/lib/python3.12/site-packages/quin_core-2.1.5-py3.12.egg-info/dependency_links.txt
-- Up-to-date: /home/quin/project_ws/quin_ws/install/quin_core/lib/python3.12/site-packages/quin_core
-- Up-to-date: /home/quin/project_ws/quin_ws/install/quin_core/lib/python3.12/site-packages/quin_core/__init__.py
Listing '/home/quin/project_ws/quin_ws/install/quin_core/lib/python3.12/site-packages/quin_core'...
-- Installing: /home/quin/project_ws/quin_ws/install/quin_core/lib/quin_core/joystick_control
[31mCMake Error at cmake_install.cmake:78 (file):
  file INSTALL cannot find
  "/home/quin/project_ws/quin_ws/src/quin_core/scripts/cmd_move": No such
  file or directory.

[0m
