[0.015s] Invoking command in '/home/quin/project_ws/quin_ws/build/quin_core': CMAKE_PREFIX_PATH=${CMAKE_PREFIX_PATH}:/home/quin/quin_ws/install:/opt/ros/jazzy /usr/bin/cmake --build /home/quin/project_ws/quin_ws/build/quin_core -- -j4 -l4
[0.060s] -- Found ament_cmake: 2.5.4 (/opt/ros/jazzy/share/ament_cmake/cmake)
[0.403s] -- Found tf2: 0.36.12 (/opt/ros/jazzy/share/tf2/cmake)
[0.436s] -- Found rosidl_generator_c: 4.6.5 (/opt/ros/jazzy/share/rosidl_generator_c/cmake)
[0.449s] -- Found rosidl_generator_cpp: 4.6.5 (/opt/ros/jazzy/share/rosidl_generator_cpp/cmake)
[0.465s] -- Using all available rosidl_typesupport_c: rosidl_typesupport_fastrtps_c;rosidl_typesupport_introspection_c
[0.484s] -- Using all available rosidl_typesupport_cpp: rosidl_typesupport_fastrtps_cpp;rosidl_typesupport_introspection_cpp
[0.542s] -- Found rclpy: 7.1.4 (/opt/ros/jazzy/share/rclpy/cmake)
[0.542s] -- Found rclcpp: 28.1.10 (/opt/ros/jazzy/share/rclcpp/cmake)
[0.610s] -- Found rmw_implementation_cmake: 7.3.2 (/opt/ros/jazzy/share/rmw_implementation_cmake/cmake)
[0.612s] -- Found rmw_fastrtps_cpp: 8.4.2 (/opt/ros/jazzy/share/rmw_fastrtps_cpp/cmake)
[0.703s] -- Using RMW implementation 'rmw_fastrtps_cpp' as default
[0.792s] -- Found cv_bridge: 4.1.0 (/opt/ros/jazzy/share/cv_bridge/cmake)
[0.829s] -- Found rclcpp_action: 28.1.10 (/opt/ros/jazzy/share/rclcpp_action/cmake)
[0.880s] -- Found tf2_geometry_msgs: 0.36.12 (/opt/ros/jazzy/share/tf2_geometry_msgs/cmake)
[0.884s] -- Found eigen3_cmake_module: 0.3.0 (/opt/ros/jazzy/share/eigen3_cmake_module/cmake)
[0.886s] -- Ensuring Eigen3 include directory is part of orocos-kdl CMake target
[1.123s] -- Found ament_lint_auto: 0.17.2 (/opt/ros/jazzy/share/ament_lint_auto/cmake)
[1.276s] -- Configuring done (1.2s)
[1.292s] -- Generating done (0.0s)
[1.303s] -- Build files have been written to: /home/quin/project_ws/quin_ws/build/quin_core
[1.382s] Built target ament_cmake_python_copy_quin_core
[1.673s] running egg_info
[1.697s] writing quin_core.egg-info/PKG-INFO
[1.697s] writing dependency_links to quin_core.egg-info/dependency_links.txt
[1.701s] writing top-level names to quin_core.egg-info/top_level.txt
[1.769s] reading manifest file 'quin_core.egg-info/SOURCES.txt'
[1.770s] writing manifest file 'quin_core.egg-info/SOURCES.txt'
[1.836s] Built target ament_cmake_python_build_quin_core_egg
[1.856s] Invoked command in '/home/quin/project_ws/quin_ws/build/quin_core' returned '0': CMAKE_PREFIX_PATH=${CMAKE_PREFIX_PATH}:/home/quin/quin_ws/install:/opt/ros/jazzy /usr/bin/cmake --build /home/quin/project_ws/quin_ws/build/quin_core -- -j4 -l4
[1.874s] Invoking command in '/home/quin/project_ws/quin_ws/build/quin_core': CMAKE_PREFIX_PATH=${CMAKE_PREFIX_PATH}:/home/quin/quin_ws/install:/opt/ros/jazzy /usr/bin/cmake --install /home/quin/project_ws/quin_ws/build/quin_core
[1.887s] -- Install configuration: ""
[1.887s] -- Up-to-date: /home/quin/project_ws/quin_ws/install/quin_core/share/quin_core/launch
[1.887s] -- Up-to-date: /home/quin/project_ws/quin_ws/install/quin_core/share/quin_core/launch/joystickController.launch.py
[1.887s] -- Up-to-date: /home/quin/project_ws/quin_ws/install/quin_core/share/quin_core/launch/microros.launch.py
[1.888s] -- Up-to-date: /home/quin/project_ws/quin_ws/install/quin_core/share/quin_core/launch/bot_bringup.launch.py
[1.888s] -- Up-to-date: /home/quin/project_ws/quin_ws/install/quin_core/share/quin_core/scripts
[1.888s] -- Up-to-date: /home/quin/project_ws/quin_ws/install/quin_core/share/quin_core/scripts/cmd_move.py
[1.888s] -- Up-to-date: /home/quin/project_ws/quin_ws/install/quin_core/share/quin_core/scripts/joystick_control
[1.888s] -- Up-to-date: /home/quin/project_ws/quin_ws/install/quin_core/share/quin_core/scripts/joystick_control.py
[1.888s] -- Up-to-date: /home/quin/project_ws/quin_ws/install/quin_core/share/quin_core/config
[1.888s] -- Up-to-date: /home/quin/project_ws/quin_ws/install/quin_core/share/quin_core/config/locations.yaml
[1.888s] -- Up-to-date: /home/quin/project_ws/quin_ws/install/quin_core/share/quin_core/config/motor_config.yaml
[1.888s] -- Up-to-date: /home/quin/project_ws/quin_ws/install/quin_core/share/quin_core/environment/pythonpath.sh
[1.889s] -- Up-to-date: /home/quin/project_ws/quin_ws/install/quin_core/share/quin_core/environment/pythonpath.dsv
[1.889s] -- Up-to-date: /home/quin/project_ws/quin_ws/install/quin_core/lib/python3.12/site-packages/quin_core-2.1.5-py3.12.egg-info
[1.889s] -- Installing: /home/quin/project_ws/quin_ws/install/quin_core/lib/python3.12/site-packages/quin_core-2.1.5-py3.12.egg-info/SOURCES.txt
[1.889s] -- Installing: /home/quin/project_ws/quin_ws/install/quin_core/lib/python3.12/site-packages/quin_core-2.1.5-py3.12.egg-info/top_level.txt
[1.889s] -- Installing: /home/quin/project_ws/quin_ws/install/quin_core/lib/python3.12/site-packages/quin_core-2.1.5-py3.12.egg-info/PKG-INFO
[1.889s] -- Installing: /home/quin/project_ws/quin_ws/install/quin_core/lib/python3.12/site-packages/quin_core-2.1.5-py3.12.egg-info/dependency_links.txt
[1.889s] -- Up-to-date: /home/quin/project_ws/quin_ws/install/quin_core/lib/python3.12/site-packages/quin_core
[1.889s] -- Up-to-date: /home/quin/project_ws/quin_ws/install/quin_core/lib/python3.12/site-packages/quin_core/__init__.py
[1.944s] Listing '/home/quin/project_ws/quin_ws/install/quin_core/lib/python3.12/site-packages/quin_core'...
[1.956s] -- Installing: /home/quin/project_ws/quin_ws/install/quin_core/lib/quin_core/joystick_control
[1.956s] [31mCMake Error at cmake_install.cmake:78 (file):
[1.956s]   file INSTALL cannot find
[1.956s]   "/home/quin/project_ws/quin_ws/src/quin_core/scripts/cmd_move": No such
[1.956s]   file or directory.
[1.956s] 
[1.956s] [0m
[1.959s] Invoked command in '/home/quin/project_ws/quin_ws/build/quin_core' returned '1': CMAKE_PREFIX_PATH=${CMAKE_PREFIX_PATH}:/home/quin/quin_ws/install:/opt/ros/jazzy /usr/bin/cmake --install /home/quin/project_ws/quin_ws/build/quin_core
