[0.013s] Invoking command in '/home/earn/project_ws/quin_ws/build/quin_core': CMAKE_PREFIX_PATH=${CMAKE_PREFIX_PATH}:/home/earn/ktp_ws/install/my_robot_controller:/home/earn/ros2_ws/install/py_srvcli:/home/earn/ros2_ws/install/py_pubsub:/home/earn/ros2_ws/install/my_robot_controller:/home/earn/turtlebot3_ws/install/turtlebot3_teleop:/home/earn/turtlebot3_ws/install/turtlebot3_example:/opt/ros/jazzy DEBUGINFOD_URLS=https://debuginfod.ubuntu.com /usr/bin/cmake /home/earn/project_ws/quin_ws/src/quin_core -DCMAKE_INSTALL_PREFIX=/home/earn/project_ws/quin_ws/install/quin_core
[0.058s] -- The C compiler identification is GNU 13.3.0
[0.104s] -- The CXX compiler identification is GNU 13.3.0
[0.118s] -- Detecting C compiler ABI info
[0.192s] -- Detecting C compiler ABI info - done
[0.199s] -- Check for working C compiler: /usr/bin/cc - skipped
[0.199s] -- Detecting C compile features
[0.199s] -- Detecting C compile features - done
[0.208s] -- Detecting CXX compiler ABI info
[0.290s] -- Detecting CXX compiler ABI info - done
[0.297s] -- Check for working CXX compiler: /usr/bin/c++ - skipped
[0.297s] -- Detecting CXX compile features
[0.298s] -- Detecting CXX compile features - done
[0.302s] -- Found ament_cmake: 2.5.4 (/opt/ros/jazzy/share/ament_cmake/cmake)
[0.443s] -- Found Python3: /usr/bin/python3 (found version "3.12.3") found components: Interpreter 
[0.546s] -- Found tf2: 0.36.14 (/opt/ros/jazzy/share/tf2/cmake)
[0.595s] -- Found rosidl_generator_c: 4.6.6 (/opt/ros/jazzy/share/rosidl_generator_c/cmake)
[0.610s] -- Found rosidl_generator_cpp: 4.6.6 (/opt/ros/jazzy/share/rosidl_generator_cpp/cmake)
[0.627s] -- Using all available rosidl_typesupport_c: rosidl_typesupport_fastrtps_c;rosidl_typesupport_introspection_c
[0.647s] -- Using all available rosidl_typesupport_cpp: rosidl_typesupport_fastrtps_cpp;rosidl_typesupport_introspection_cpp
[0.694s] -- Found rclpy: 7.1.5 (/opt/ros/jazzy/share/rclpy/cmake)
[0.697s] -- Found rclcpp: 28.1.11 (/opt/ros/jazzy/share/rclcpp/cmake)
[0.761s] -- Found rmw_implementation_cmake: 7.3.2 (/opt/ros/jazzy/share/rmw_implementation_cmake/cmake)
[0.766s] -- Found rmw_cyclonedds_cpp: 2.2.3 (/opt/ros/jazzy/share/rmw_cyclonedds_cpp/cmake)
[0.798s] -- Using RMW implementation 'rmw_cyclonedds_cpp' as default
[0.865s] -- Found OpenCV: /usr (found version "4.6.0") 
[0.868s] -- Found cv_bridge: 4.1.0 (/opt/ros/jazzy/share/cv_bridge/cmake)
[0.901s] -- Found rclcpp_action: 28.1.11 (/opt/ros/jazzy/share/rclcpp_action/cmake)
[0.944s] -- Found tf2_geometry_msgs: 0.36.14 (/opt/ros/jazzy/share/tf2_geometry_msgs/cmake)
[0.962s] -- Found eigen3_cmake_module: 0.3.0 (/opt/ros/jazzy/share/eigen3_cmake_module/cmake)
[0.963s] -- Found Eigen3: TRUE (found version "3.4.0") 
[0.963s] -- Ensuring Eigen3 include directory is part of orocos-kdl CMake target
[1.139s] -- Found ament_lint_auto: 0.17.3 (/opt/ros/jazzy/share/ament_lint_auto/cmake)
[1.213s] -- Configuring done (1.2s)
[1.219s] -- Generating done (0.0s)
[1.221s] -- Build files have been written to: /home/earn/project_ws/quin_ws/build/quin_core
[1.230s] Invoked command in '/home/earn/project_ws/quin_ws/build/quin_core' returned '0': CMAKE_PREFIX_PATH=${CMAKE_PREFIX_PATH}:/home/earn/ktp_ws/install/my_robot_controller:/home/earn/ros2_ws/install/py_srvcli:/home/earn/ros2_ws/install/py_pubsub:/home/earn/ros2_ws/install/my_robot_controller:/home/earn/turtlebot3_ws/install/turtlebot3_teleop:/home/earn/turtlebot3_ws/install/turtlebot3_example:/opt/ros/jazzy DEBUGINFOD_URLS=https://debuginfod.ubuntu.com /usr/bin/cmake /home/earn/project_ws/quin_ws/src/quin_core -DCMAKE_INSTALL_PREFIX=/home/earn/project_ws/quin_ws/install/quin_core
[1.231s] Invoking command in '/home/earn/project_ws/quin_ws/build/quin_core': CMAKE_PREFIX_PATH=${CMAKE_PREFIX_PATH}:/home/earn/ktp_ws/install/my_robot_controller:/home/earn/ros2_ws/install/py_srvcli:/home/earn/ros2_ws/install/py_pubsub:/home/earn/ros2_ws/install/my_robot_controller:/home/earn/turtlebot3_ws/install/turtlebot3_teleop:/home/earn/turtlebot3_ws/install/turtlebot3_example:/opt/ros/jazzy DEBUGINFOD_URLS=https://debuginfod.ubuntu.com /usr/bin/cmake --build /home/earn/project_ws/quin_ws/build/quin_core -- -j12 -l12
[1.282s] Built target ament_cmake_python_copy_quin_core
[1.449s] running egg_info
[1.450s] creating quin_core.egg-info
[1.464s] writing quin_core.egg-info/PKG-INFO
[1.464s] writing dependency_links to quin_core.egg-info/dependency_links.txt
[1.464s] writing top-level names to quin_core.egg-info/top_level.txt
[1.464s] writing manifest file 'quin_core.egg-info/SOURCES.txt'
[1.507s] reading manifest file 'quin_core.egg-info/SOURCES.txt'
[1.507s] writing manifest file 'quin_core.egg-info/SOURCES.txt'
[1.529s] Built target ament_cmake_python_build_quin_core_egg
[1.539s] Invoked command in '/home/earn/project_ws/quin_ws/build/quin_core' returned '0': CMAKE_PREFIX_PATH=${CMAKE_PREFIX_PATH}:/home/earn/ktp_ws/install/my_robot_controller:/home/earn/ros2_ws/install/py_srvcli:/home/earn/ros2_ws/install/py_pubsub:/home/earn/ros2_ws/install/my_robot_controller:/home/earn/turtlebot3_ws/install/turtlebot3_teleop:/home/earn/turtlebot3_ws/install/turtlebot3_example:/opt/ros/jazzy DEBUGINFOD_URLS=https://debuginfod.ubuntu.com /usr/bin/cmake --build /home/earn/project_ws/quin_ws/build/quin_core -- -j12 -l12
[1.547s] Invoking command in '/home/earn/project_ws/quin_ws/build/quin_core': CMAKE_PREFIX_PATH=${CMAKE_PREFIX_PATH}:/home/earn/ktp_ws/install/my_robot_controller:/home/earn/ros2_ws/install/py_srvcli:/home/earn/ros2_ws/install/py_pubsub:/home/earn/ros2_ws/install/my_robot_controller:/home/earn/turtlebot3_ws/install/turtlebot3_teleop:/home/earn/turtlebot3_ws/install/turtlebot3_example:/opt/ros/jazzy DEBUGINFOD_URLS=https://debuginfod.ubuntu.com /usr/bin/cmake --install /home/earn/project_ws/quin_ws/build/quin_core
[1.553s] -- Install configuration: ""
[1.553s] -- Installing: /home/earn/project_ws/quin_ws/install/quin_core/share/quin_core/launch
[1.553s] -- Installing: /home/earn/project_ws/quin_ws/install/quin_core/share/quin_core/launch/bot_bringup.launch.py
[1.553s] -- Installing: /home/earn/project_ws/quin_ws/install/quin_core/share/quin_core/launch/joystickController.launch.py
[1.554s] -- Installing: /home/earn/project_ws/quin_ws/install/quin_core/share/quin_core/launch/microros.launch.py
[1.554s] -- Installing: /home/earn/project_ws/quin_ws/install/quin_core/share/quin_core/scripts
[1.554s] -- Installing: /home/earn/project_ws/quin_ws/install/quin_core/share/quin_core/scripts/joystick_control.py
[1.554s] -- Installing: /home/earn/project_ws/quin_ws/install/quin_core/share/quin_core/scripts/cmd_move
[1.554s] -- Installing: /home/earn/project_ws/quin_ws/install/quin_core/share/quin_core/scripts/joystick_control
[1.554s] -- Installing: /home/earn/project_ws/quin_ws/install/quin_core/share/quin_core/scripts/cmd_move.py
[1.554s] -- Installing: /home/earn/project_ws/quin_ws/install/quin_core/share/quin_core/config
[1.554s] -- Installing: /home/earn/project_ws/quin_ws/install/quin_core/share/quin_core/config/motor_config.yaml
[1.554s] -- Installing: /home/earn/project_ws/quin_ws/install/quin_core/share/quin_core/config/locations.yaml
[1.554s] -- Installing: /home/earn/project_ws/quin_ws/install/quin_core/share/quin_core/environment/pythonpath.sh
[1.555s] -- Installing: /home/earn/project_ws/quin_ws/install/quin_core/share/quin_core/environment/pythonpath.dsv
[1.555s] -- Installing: /home/earn/project_ws/quin_ws/install/quin_core/lib/python3.12/site-packages/quin_core-2.1.5-py3.12.egg-info
[1.555s] -- Installing: /home/earn/project_ws/quin_ws/install/quin_core/lib/python3.12/site-packages/quin_core-2.1.5-py3.12.egg-info/top_level.txt
[1.555s] -- Installing: /home/earn/project_ws/quin_ws/install/quin_core/lib/python3.12/site-packages/quin_core-2.1.5-py3.12.egg-info/SOURCES.txt
[1.555s] -- Installing: /home/earn/project_ws/quin_ws/install/quin_core/lib/python3.12/site-packages/quin_core-2.1.5-py3.12.egg-info/dependency_links.txt
[1.555s] -- Installing: /home/earn/project_ws/quin_ws/install/quin_core/lib/python3.12/site-packages/quin_core-2.1.5-py3.12.egg-info/PKG-INFO
[1.555s] -- Installing: /home/earn/project_ws/quin_ws/install/quin_core/lib/python3.12/site-packages/quin_core
[1.555s] -- Installing: /home/earn/project_ws/quin_ws/install/quin_core/lib/python3.12/site-packages/quin_core/__init__.py
[1.587s] Listing '/home/earn/project_ws/quin_ws/install/quin_core/lib/python3.12/site-packages/quin_core'...
[1.587s] Compiling '/home/earn/project_ws/quin_ws/install/quin_core/lib/python3.12/site-packages/quin_core/__init__.py'...
[1.591s] -- Installing: /home/earn/project_ws/quin_ws/install/quin_core/lib/quin_core/joystick_control
[1.591s] -- Installing: /home/earn/project_ws/quin_ws/install/quin_core/lib/quin_core/cmd_move
[1.591s] -- Installing: /home/earn/project_ws/quin_ws/install/quin_core/lib/quin_core/src/controller.py
[1.591s] -- Installing: /home/earn/project_ws/quin_ws/install/quin_core/lib/quin_core/src/utilize.py
[1.591s] -- Installing: /home/earn/project_ws/quin_ws/install/quin_core/share/ament_index/resource_index/package_run_dependencies/quin_core
[1.591s] -- Installing: /home/earn/project_ws/quin_ws/install/quin_core/share/ament_index/resource_index/parent_prefix_path/quin_core
[1.592s] -- Installing: /home/earn/project_ws/quin_ws/install/quin_core/share/quin_core/environment/ament_prefix_path.sh
[1.592s] -- Installing: /home/earn/project_ws/quin_ws/install/quin_core/share/quin_core/environment/ament_prefix_path.dsv
[1.592s] -- Installing: /home/earn/project_ws/quin_ws/install/quin_core/share/quin_core/environment/path.sh
[1.592s] -- Installing: /home/earn/project_ws/quin_ws/install/quin_core/share/quin_core/environment/path.dsv
[1.592s] -- Installing: /home/earn/project_ws/quin_ws/install/quin_core/share/quin_core/local_setup.bash
[1.592s] -- Installing: /home/earn/project_ws/quin_ws/install/quin_core/share/quin_core/local_setup.sh
[1.592s] -- Installing: /home/earn/project_ws/quin_ws/install/quin_core/share/quin_core/local_setup.zsh
[1.592s] -- Installing: /home/earn/project_ws/quin_ws/install/quin_core/share/quin_core/local_setup.dsv
[1.593s] -- Installing: /home/earn/project_ws/quin_ws/install/quin_core/share/quin_core/package.dsv
[1.593s] -- Installing: /home/earn/project_ws/quin_ws/install/quin_core/share/ament_index/resource_index/packages/quin_core
[1.593s] -- Installing: /home/earn/project_ws/quin_ws/install/quin_core/share/quin_core/cmake/quin_coreConfig.cmake
[1.593s] -- Installing: /home/earn/project_ws/quin_ws/install/quin_core/share/quin_core/cmake/quin_coreConfig-version.cmake
[1.593s] -- Installing: /home/earn/project_ws/quin_ws/install/quin_core/share/quin_core/package.xml
[1.595s] Invoked command in '/home/earn/project_ws/quin_ws/build/quin_core' returned '0': CMAKE_PREFIX_PATH=${CMAKE_PREFIX_PATH}:/home/earn/ktp_ws/install/my_robot_controller:/home/earn/ros2_ws/install/py_srvcli:/home/earn/ros2_ws/install/py_pubsub:/home/earn/ros2_ws/install/my_robot_controller:/home/earn/turtlebot3_ws/install/turtlebot3_teleop:/home/earn/turtlebot3_ws/install/turtlebot3_example:/opt/ros/jazzy DEBUGINFOD_URLS=https://debuginfod.ubuntu.com /usr/bin/cmake --install /home/earn/project_ws/quin_ws/build/quin_core
