-- The C compiler identification is GNU 13.3.0
-- The CXX compiler identification is GNU 13.3.0
-- Detecting C compiler ABI info
-- Detecting C compiler ABI info - done
-- Check for working C compiler: /usr/bin/cc - skipped
-- Detecting C compile features
-- Detecting C compile features - done
-- Detecting CXX compiler ABI info
-- Detecting CXX compiler ABI info - done
-- Check for working CXX compiler: /usr/bin/c++ - skipped
-- Detecting CXX compile features
-- Detecting CXX compile features - done
-- Found ament_cmake: 2.5.4 (/opt/ros/jazzy/share/ament_cmake/cmake)
-- Found Python3: /usr/bin/python3 (found version "3.12.3") found components: Interpreter 
-- Found tf2: 0.36.14 (/opt/ros/jazzy/share/tf2/cmake)
-- Found rosidl_generator_c: 4.6.6 (/opt/ros/jazzy/share/rosidl_generator_c/cmake)
-- Found rosidl_generator_cpp: 4.6.6 (/opt/ros/jazzy/share/rosidl_generator_cpp/cmake)
-- Using all available rosidl_typesupport_c: rosidl_typesupport_fastrtps_c;rosidl_typesupport_introspection_c
-- Using all available rosidl_typesupport_cpp: rosidl_typesupport_fastrtps_cpp;rosidl_typesupport_introspection_cpp
-- Found rclpy: 7.1.5 (/opt/ros/jazzy/share/rclpy/cmake)
-- Found rclcpp: 28.1.11 (/opt/ros/jazzy/share/rclcpp/cmake)
-- Found rmw_implementation_cmake: 7.3.2 (/opt/ros/jazzy/share/rmw_implementation_cmake/cmake)
-- Found rmw_cyclonedds_cpp: 2.2.3 (/opt/ros/jazzy/share/rmw_cyclonedds_cpp/cmake)
-- Using RMW implementation 'rmw_cyclonedds_cpp' as default
-- Found OpenCV: /usr (found version "4.6.0") 
-- Found cv_bridge: 4.1.0 (/opt/ros/jazzy/share/cv_bridge/cmake)
-- Found rclcpp_action: 28.1.11 (/opt/ros/jazzy/share/rclcpp_action/cmake)
-- Found tf2_geometry_msgs: 0.36.14 (/opt/ros/jazzy/share/tf2_geometry_msgs/cmake)
-- Found eigen3_cmake_module: 0.3.0 (/opt/ros/jazzy/share/eigen3_cmake_module/cmake)
-- Found Eigen3: TRUE (found version "3.4.0") 
-- Ensuring Eigen3 include directory is part of orocos-kdl CMake target
-- Found ament_lint_auto: 0.17.3 (/opt/ros/jazzy/share/ament_lint_auto/cmake)
<<<<<<<< HEAD:quin_ws/log/build_2025-09-10_18-02-54/quin_core/stdout.log
-- Configuring done (1.2s)
========
-- Configuring done (2.8s)
>>>>>>>> 63150ec (move):quin_ws/log/build_2025-09-10_07-52-23/quin_core/stdout.log
-- Generating done (0.0s)
-- Build files have been written to: /home/earn/project_ws/quin_ws/build/quin_core
Built target ament_cmake_python_copy_quin_core
running egg_info
creating quin_core.egg-info
writing quin_core.egg-info/PKG-INFO
writing dependency_links to quin_core.egg-info/dependency_links.txt
writing top-level names to quin_core.egg-info/top_level.txt
writing manifest file 'quin_core.egg-info/SOURCES.txt'
reading manifest file 'quin_core.egg-info/SOURCES.txt'
writing manifest file 'quin_core.egg-info/SOURCES.txt'
Built target ament_cmake_python_build_quin_core_egg
-- Install configuration: ""
<<<<<<<< HEAD:quin_ws/log/build_2025-09-10_18-02-54/quin_core/stdout.log
-- Installing: /home/earn/project_ws/quin_ws/install/quin_core/share/quin_core/launch
-- Installing: /home/earn/project_ws/quin_ws/install/quin_core/share/quin_core/launch/bot_bringup.launch.py
-- Installing: /home/earn/project_ws/quin_ws/install/quin_core/share/quin_core/launch/joystickController.launch.py
-- Installing: /home/earn/project_ws/quin_ws/install/quin_core/share/quin_core/launch/microros.launch.py
-- Installing: /home/earn/project_ws/quin_ws/install/quin_core/share/quin_core/scripts
-- Installing: /home/earn/project_ws/quin_ws/install/quin_core/share/quin_core/scripts/joystick_control.py
-- Installing: /home/earn/project_ws/quin_ws/install/quin_core/share/quin_core/scripts/cmd_move
-- Installing: /home/earn/project_ws/quin_ws/install/quin_core/share/quin_core/scripts/joystick_control
-- Installing: /home/earn/project_ws/quin_ws/install/quin_core/share/quin_core/scripts/cmd_move.py
-- Installing: /home/earn/project_ws/quin_ws/install/quin_core/share/quin_core/config
-- Installing: /home/earn/project_ws/quin_ws/install/quin_core/share/quin_core/config/motor_config.yaml
-- Installing: /home/earn/project_ws/quin_ws/install/quin_core/share/quin_core/config/locations.yaml
-- Installing: /home/earn/project_ws/quin_ws/install/quin_core/share/quin_core/environment/pythonpath.sh
-- Installing: /home/earn/project_ws/quin_ws/install/quin_core/share/quin_core/environment/pythonpath.dsv
-- Installing: /home/earn/project_ws/quin_ws/install/quin_core/lib/python3.12/site-packages/quin_core-2.1.5-py3.12.egg-info
-- Installing: /home/earn/project_ws/quin_ws/install/quin_core/lib/python3.12/site-packages/quin_core-2.1.5-py3.12.egg-info/top_level.txt
-- Installing: /home/earn/project_ws/quin_ws/install/quin_core/lib/python3.12/site-packages/quin_core-2.1.5-py3.12.egg-info/SOURCES.txt
-- Installing: /home/earn/project_ws/quin_ws/install/quin_core/lib/python3.12/site-packages/quin_core-2.1.5-py3.12.egg-info/dependency_links.txt
-- Installing: /home/earn/project_ws/quin_ws/install/quin_core/lib/python3.12/site-packages/quin_core-2.1.5-py3.12.egg-info/PKG-INFO
-- Installing: /home/earn/project_ws/quin_ws/install/quin_core/lib/python3.12/site-packages/quin_core
-- Installing: /home/earn/project_ws/quin_ws/install/quin_core/lib/python3.12/site-packages/quin_core/__init__.py
Listing '/home/earn/project_ws/quin_ws/install/quin_core/lib/python3.12/site-packages/quin_core'...
Compiling '/home/earn/project_ws/quin_ws/install/quin_core/lib/python3.12/site-packages/quin_core/__init__.py'...
-- Installing: /home/earn/project_ws/quin_ws/install/quin_core/lib/quin_core/joystick_control
-- Installing: /home/earn/project_ws/quin_ws/install/quin_core/lib/quin_core/cmd_move
-- Installing: /home/earn/project_ws/quin_ws/install/quin_core/lib/quin_core/src/controller.py
-- Installing: /home/earn/project_ws/quin_ws/install/quin_core/lib/quin_core/src/utilize.py
-- Installing: /home/earn/project_ws/quin_ws/install/quin_core/share/ament_index/resource_index/package_run_dependencies/quin_core
-- Installing: /home/earn/project_ws/quin_ws/install/quin_core/share/ament_index/resource_index/parent_prefix_path/quin_core
-- Installing: /home/earn/project_ws/quin_ws/install/quin_core/share/quin_core/environment/ament_prefix_path.sh
-- Installing: /home/earn/project_ws/quin_ws/install/quin_core/share/quin_core/environment/ament_prefix_path.dsv
-- Installing: /home/earn/project_ws/quin_ws/install/quin_core/share/quin_core/environment/path.sh
-- Installing: /home/earn/project_ws/quin_ws/install/quin_core/share/quin_core/environment/path.dsv
-- Installing: /home/earn/project_ws/quin_ws/install/quin_core/share/quin_core/local_setup.bash
-- Installing: /home/earn/project_ws/quin_ws/install/quin_core/share/quin_core/local_setup.sh
-- Installing: /home/earn/project_ws/quin_ws/install/quin_core/share/quin_core/local_setup.zsh
-- Installing: /home/earn/project_ws/quin_ws/install/quin_core/share/quin_core/local_setup.dsv
-- Installing: /home/earn/project_ws/quin_ws/install/quin_core/share/quin_core/package.dsv
-- Installing: /home/earn/project_ws/quin_ws/install/quin_core/share/ament_index/resource_index/packages/quin_core
-- Installing: /home/earn/project_ws/quin_ws/install/quin_core/share/quin_core/cmake/quin_coreConfig.cmake
-- Installing: /home/earn/project_ws/quin_ws/install/quin_core/share/quin_core/cmake/quin_coreConfig-version.cmake
-- Installing: /home/earn/project_ws/quin_ws/install/quin_core/share/quin_core/package.xml
========
-- Installing: /home/quin/project_ws/quin_ws/install/quin_core/share/quin_core/launch
-- Installing: /home/quin/project_ws/quin_ws/install/quin_core/share/quin_core/launch/joystickController.launch.py
-- Installing: /home/quin/project_ws/quin_ws/install/quin_core/share/quin_core/launch/microros.launch.py
-- Installing: /home/quin/project_ws/quin_ws/install/quin_core/share/quin_core/launch/bot_bringup.launch.py
-- Installing: /home/quin/project_ws/quin_ws/install/quin_core/share/quin_core/scripts
-- Installing: /home/quin/project_ws/quin_ws/install/quin_core/share/quin_core/scripts/cmd_move.py
-- Installing: /home/quin/project_ws/quin_ws/install/quin_core/share/quin_core/scripts/joystick_control
-- Installing: /home/quin/project_ws/quin_ws/install/quin_core/share/quin_core/scripts/cmd_move
-- Installing: /home/quin/project_ws/quin_ws/install/quin_core/share/quin_core/scripts/joystick_control.py
-- Installing: /home/quin/project_ws/quin_ws/install/quin_core/share/quin_core/config
-- Installing: /home/quin/project_ws/quin_ws/install/quin_core/share/quin_core/config/locations.yaml
-- Installing: /home/quin/project_ws/quin_ws/install/quin_core/share/quin_core/config/motor_config.yaml
-- Installing: /home/quin/project_ws/quin_ws/install/quin_core/share/quin_core/environment/pythonpath.sh
-- Installing: /home/quin/project_ws/quin_ws/install/quin_core/share/quin_core/environment/pythonpath.dsv
-- Installing: /home/quin/project_ws/quin_ws/install/quin_core/lib/python3.12/site-packages/quin_core-2.1.5-py3.12.egg-info
-- Installing: /home/quin/project_ws/quin_ws/install/quin_core/lib/python3.12/site-packages/quin_core-2.1.5-py3.12.egg-info/SOURCES.txt
-- Installing: /home/quin/project_ws/quin_ws/install/quin_core/lib/python3.12/site-packages/quin_core-2.1.5-py3.12.egg-info/top_level.txt
-- Installing: /home/quin/project_ws/quin_ws/install/quin_core/lib/python3.12/site-packages/quin_core-2.1.5-py3.12.egg-info/PKG-INFO
-- Installing: /home/quin/project_ws/quin_ws/install/quin_core/lib/python3.12/site-packages/quin_core-2.1.5-py3.12.egg-info/dependency_links.txt
-- Installing: /home/quin/project_ws/quin_ws/install/quin_core/lib/python3.12/site-packages/quin_core
-- Installing: /home/quin/project_ws/quin_ws/install/quin_core/lib/python3.12/site-packages/quin_core/utilize.py
-- Installing: /home/quin/project_ws/quin_ws/install/quin_core/lib/python3.12/site-packages/quin_core/__init__.py
-- Installing: /home/quin/project_ws/quin_ws/install/quin_core/lib/python3.12/site-packages/quin_core/controller.py
Listing '/home/quin/project_ws/quin_ws/install/quin_core/lib/python3.12/site-packages/quin_core'...
Compiling '/home/quin/project_ws/quin_ws/install/quin_core/lib/python3.12/site-packages/quin_core/__init__.py'...
Compiling '/home/quin/project_ws/quin_ws/install/quin_core/lib/python3.12/site-packages/quin_core/controller.py'...
Compiling '/home/quin/project_ws/quin_ws/install/quin_core/lib/python3.12/site-packages/quin_core/utilize.py'...
-- Installing: /home/quin/project_ws/quin_ws/install/quin_core/lib/quin_core/joystick_control.py
-- Installing: /home/quin/project_ws/quin_ws/install/quin_core/lib/quin_core/cmd_move.py
-- Installing: /home/quin/project_ws/quin_ws/install/quin_core/lib/quin_core/src/controller.py
-- Installing: /home/quin/project_ws/quin_ws/install/quin_core/lib/quin_core/src/utilize.py
-- Installing: /home/quin/project_ws/quin_ws/install/quin_core/share/ament_index/resource_index/package_run_dependencies/quin_core
-- Installing: /home/quin/project_ws/quin_ws/install/quin_core/share/ament_index/resource_index/parent_prefix_path/quin_core
-- Installing: /home/quin/project_ws/quin_ws/install/quin_core/share/quin_core/environment/ament_prefix_path.sh
-- Installing: /home/quin/project_ws/quin_ws/install/quin_core/share/quin_core/environment/ament_prefix_path.dsv
-- Installing: /home/quin/project_ws/quin_ws/install/quin_core/share/quin_core/environment/path.sh
-- Installing: /home/quin/project_ws/quin_ws/install/quin_core/share/quin_core/environment/path.dsv
-- Installing: /home/quin/project_ws/quin_ws/install/quin_core/share/quin_core/local_setup.bash
-- Installing: /home/quin/project_ws/quin_ws/install/quin_core/share/quin_core/local_setup.sh
-- Installing: /home/quin/project_ws/quin_ws/install/quin_core/share/quin_core/local_setup.zsh
-- Installing: /home/quin/project_ws/quin_ws/install/quin_core/share/quin_core/local_setup.dsv
-- Installing: /home/quin/project_ws/quin_ws/install/quin_core/share/quin_core/package.dsv
-- Installing: /home/quin/project_ws/quin_ws/install/quin_core/share/ament_index/resource_index/packages/quin_core
-- Installing: /home/quin/project_ws/quin_ws/install/quin_core/share/quin_core/cmake/quin_coreConfig.cmake
-- Installing: /home/quin/project_ws/quin_ws/install/quin_core/share/quin_core/cmake/quin_coreConfig-version.cmake
-- Installing: /home/quin/project_ws/quin_ws/install/quin_core/share/quin_core/package.xml
>>>>>>>> 63150ec (move):quin_ws/log/build_2025-09-10_07-52-23/quin_core/stdout.log
