[0.025s] Invoking command in '/home/quin/project_ws/quin_ws/build/quin_core': CMAKE_PREFIX_PATH=${CMAKE_PREFIX_PATH}:/opt/ros/jazzy /usr/bin/cmake /home/quin/project_ws/quin_ws/src/quin_core -DCMAKE_INSTALL_PREFIX=/home/quin/project_ws/quin_ws/install/quin_core
[0.645s] -- The C compiler identification is GNU 13.3.0
[1.028s] -- The CXX compiler identification is GNU 13.3.0
[1.074s] -- Detecting C compiler ABI info
[1.274s] -- Detecting C compiler ABI info - done
[1.290s] -- Check for working C compiler: /usr/bin/cc - skipped
[1.294s] -- Detecting C compile features
[1.295s] -- Detecting C compile features - done
[1.315s] -- Detecting CXX compiler ABI info
[1.497s] -- Detecting CXX compiler ABI info - done
[1.512s] -- Check for working CXX compiler: /usr/bin/c++ - skipped
[1.513s] -- Detecting CXX compile features
[1.513s] -- Detecting CXX compile features - done
[1.525s] -- Found ament_cmake: 2.5.4 (/opt/ros/jazzy/share/ament_cmake/cmake)
[1.758s] -- Found Python3: /usr/bin/python3 (found version "3.12.3") found components: Interpreter 
[1.974s] -- Found tf2: 0.36.14 (/opt/ros/jazzy/share/tf2/cmake)
[2.029s] -- Found rosidl_generator_c: 4.6.6 (/opt/ros/jazzy/share/rosidl_generator_c/cmake)
[2.047s] -- Found rosidl_generator_cpp: 4.6.6 (/opt/ros/jazzy/share/rosidl_generator_cpp/cmake)
[2.068s] -- Using all available rosidl_typesupport_c: rosidl_typesupport_fastrtps_c;rosidl_typesupport_introspection_c
[2.092s] -- Using all available rosidl_typesupport_cpp: rosidl_typesupport_fastrtps_cpp;rosidl_typesupport_introspection_cpp
[2.156s] -- Found rclpy: 7.1.5 (/opt/ros/jazzy/share/rclpy/cmake)
[2.158s] -- Found rclcpp: 28.1.11 (/opt/ros/jazzy/share/rclcpp/cmake)
[2.242s] -- Found rmw_implementation_cmake: 7.3.2 (/opt/ros/jazzy/share/rmw_implementation_cmake/cmake)
[2.248s] -- Found rmw_cyclonedds_cpp: 2.2.3 (/opt/ros/jazzy/share/rmw_cyclonedds_cpp/cmake)
[2.285s] -- Using RMW implementation 'rmw_cyclonedds_cpp' as default
[2.402s] -- Found OpenCV: /usr (found version "4.6.0") 
[2.407s] -- Found cv_bridge: 4.1.0 (/opt/ros/jazzy/share/cv_bridge/cmake)
[2.458s] -- Found rclcpp_action: 28.1.11 (/opt/ros/jazzy/share/rclcpp_action/cmake)
[2.516s] -- Found tf2_geometry_msgs: 0.36.14 (/opt/ros/jazzy/share/tf2_geometry_msgs/cmake)
[2.548s] -- Found eigen3_cmake_module: 0.3.0 (/opt/ros/jazzy/share/eigen3_cmake_module/cmake)
[2.551s] -- Found Eigen3: TRUE (found version "3.4.0") 
[2.551s] -- Ensuring Eigen3 include directory is part of orocos-kdl CMake target
[2.846s] -- Found ament_lint_auto: 0.17.3 (/opt/ros/jazzy/share/ament_lint_auto/cmake)
[3.002s] -- Configuring done (2.8s)
[3.013s] -- Generating done (0.0s)
[3.018s] -- Build files have been written to: /home/quin/project_ws/quin_ws/build/quin_core
[3.037s] Invoked command in '/home/quin/project_ws/quin_ws/build/quin_core' returned '0': CMAKE_PREFIX_PATH=${CMAKE_PREFIX_PATH}:/opt/ros/jazzy /usr/bin/cmake /home/quin/project_ws/quin_ws/src/quin_core -DCMAKE_INSTALL_PREFIX=/home/quin/project_ws/quin_ws/install/quin_core
[3.039s] Invoking command in '/home/quin/project_ws/quin_ws/build/quin_core': CMAKE_PREFIX_PATH=${CMAKE_PREFIX_PATH}:/opt/ros/jazzy /usr/bin/cmake --build /home/quin/project_ws/quin_ws/build/quin_core -- -j4 -l4
[3.146s] Built target ament_cmake_python_copy_quin_core
[3.433s] running egg_info
[3.435s] creating quin_core.egg-info
[3.460s] writing quin_core.egg-info/PKG-INFO
[3.460s] writing dependency_links to quin_core.egg-info/dependency_links.txt
[3.460s] writing top-level names to quin_core.egg-info/top_level.txt
[3.460s] writing manifest file 'quin_core.egg-info/SOURCES.txt'
[3.530s] reading manifest file 'quin_core.egg-info/SOURCES.txt'
[3.531s] writing manifest file 'quin_core.egg-info/SOURCES.txt'
[3.597s] Built target ament_cmake_python_build_quin_core_egg
[3.617s] Invoked command in '/home/quin/project_ws/quin_ws/build/quin_core' returned '0': CMAKE_PREFIX_PATH=${CMAKE_PREFIX_PATH}:/opt/ros/jazzy /usr/bin/cmake --build /home/quin/project_ws/quin_ws/build/quin_core -- -j4 -l4
[3.635s] Invoking command in '/home/quin/project_ws/quin_ws/build/quin_core': CMAKE_PREFIX_PATH=${CMAKE_PREFIX_PATH}:/opt/ros/jazzy /usr/bin/cmake --install /home/quin/project_ws/quin_ws/build/quin_core
[3.649s] -- Install configuration: ""
[3.649s] -- Installing: /home/quin/project_ws/quin_ws/install/quin_core/share/quin_core/launch
[3.649s] -- Installing: /home/quin/project_ws/quin_ws/install/quin_core/share/quin_core/launch/joystickController.launch.py
[3.653s] -- Installing: /home/quin/project_ws/quin_ws/install/quin_core/share/quin_core/launch/microros.launch.py
[3.653s] -- Installing: /home/quin/project_ws/quin_ws/install/quin_core/share/quin_core/launch/bot_bringup.launch.py
[3.654s] -- Installing: /home/quin/project_ws/quin_ws/install/quin_core/share/quin_core/scripts
[3.654s] -- Installing: /home/quin/project_ws/quin_ws/install/quin_core/share/quin_core/scripts/cmd_move.py
[3.654s] -- Installing: /home/quin/project_ws/quin_ws/install/quin_core/share/quin_core/scripts/joystick_control
[3.654s] -- Installing: /home/quin/project_ws/quin_ws/install/quin_core/share/quin_core/scripts/cmd_move
[3.655s] -- Installing: /home/quin/project_ws/quin_ws/install/quin_core/share/quin_core/scripts/joystick_control.py
[3.655s] -- Installing: /home/quin/project_ws/quin_ws/install/quin_core/share/quin_core/config
[3.655s] -- Installing: /home/quin/project_ws/quin_ws/install/quin_core/share/quin_core/config/locations.yaml
[3.656s] -- Installing: /home/quin/project_ws/quin_ws/install/quin_core/share/quin_core/config/motor_config.yaml
[3.657s] -- Installing: /home/quin/project_ws/quin_ws/install/quin_core/share/quin_core/environment/pythonpath.sh
[3.657s] -- Installing: /home/quin/project_ws/quin_ws/install/quin_core/share/quin_core/environment/pythonpath.dsv
[3.657s] -- Installing: /home/quin/project_ws/quin_ws/install/quin_core/lib/python3.12/site-packages/quin_core-2.1.5-py3.12.egg-info
[3.657s] -- Installing: /home/quin/project_ws/quin_ws/install/quin_core/lib/python3.12/site-packages/quin_core-2.1.5-py3.12.egg-info/SOURCES.txt
[3.657s] -- Installing: /home/quin/project_ws/quin_ws/install/quin_core/lib/python3.12/site-packages/quin_core-2.1.5-py3.12.egg-info/top_level.txt
[3.658s] -- Installing: /home/quin/project_ws/quin_ws/install/quin_core/lib/python3.12/site-packages/quin_core-2.1.5-py3.12.egg-info/PKG-INFO
[3.658s] -- Installing: /home/quin/project_ws/quin_ws/install/quin_core/lib/python3.12/site-packages/quin_core-2.1.5-py3.12.egg-info/dependency_links.txt
[3.658s] -- Installing: /home/quin/project_ws/quin_ws/install/quin_core/lib/python3.12/site-packages/quin_core
[3.658s] -- Installing: /home/quin/project_ws/quin_ws/install/quin_core/lib/python3.12/site-packages/quin_core/utilize.py
[3.658s] -- Installing: /home/quin/project_ws/quin_ws/install/quin_core/lib/python3.12/site-packages/quin_core/__init__.py
[3.658s] -- Installing: /home/quin/project_ws/quin_ws/install/quin_core/lib/python3.12/site-packages/quin_core/controller.py
[3.722s] Listing '/home/quin/project_ws/quin_ws/install/quin_core/lib/python3.12/site-packages/quin_core'...
[3.722s] Compiling '/home/quin/project_ws/quin_ws/install/quin_core/lib/python3.12/site-packages/quin_core/__init__.py'...
[3.722s] Compiling '/home/quin/project_ws/quin_ws/install/quin_core/lib/python3.12/site-packages/quin_core/controller.py'...
[3.722s] Compiling '/home/quin/project_ws/quin_ws/install/quin_core/lib/python3.12/site-packages/quin_core/utilize.py'...
[3.734s] -- Installing: /home/quin/project_ws/quin_ws/install/quin_core/lib/quin_core/joystick_control.py
[3.734s] -- Installing: /home/quin/project_ws/quin_ws/install/quin_core/lib/quin_core/cmd_move.py
[3.734s] -- Installing: /home/quin/project_ws/quin_ws/install/quin_core/lib/quin_core/src/controller.py
[3.737s] -- Installing: /home/quin/project_ws/quin_ws/install/quin_core/lib/quin_core/src/utilize.py
[3.738s] -- Installing: /home/quin/project_ws/quin_ws/install/quin_core/share/ament_index/resource_index/package_run_dependencies/quin_core
[3.739s] -- Installing: /home/quin/project_ws/quin_ws/install/quin_core/share/ament_index/resource_index/parent_prefix_path/quin_core
[3.739s] -- Installing: /home/quin/project_ws/quin_ws/install/quin_core/share/quin_core/environment/ament_prefix_path.sh
[3.739s] -- Installing: /home/quin/project_ws/quin_ws/install/quin_core/share/quin_core/environment/ament_prefix_path.dsv
[3.739s] -- Installing: /home/quin/project_ws/quin_ws/install/quin_core/share/quin_core/environment/path.sh
[3.739s] -- Installing: /home/quin/project_ws/quin_ws/install/quin_core/share/quin_core/environment/path.dsv
[3.739s] -- Installing: /home/quin/project_ws/quin_ws/install/quin_core/share/quin_core/local_setup.bash
[3.740s] -- Installing: /home/quin/project_ws/quin_ws/install/quin_core/share/quin_core/local_setup.sh
[3.740s] -- Installing: /home/quin/project_ws/quin_ws/install/quin_core/share/quin_core/local_setup.zsh
[3.740s] -- Installing: /home/quin/project_ws/quin_ws/install/quin_core/share/quin_core/local_setup.dsv
[3.740s] -- Installing: /home/quin/project_ws/quin_ws/install/quin_core/share/quin_core/package.dsv
[3.740s] -- Installing: /home/quin/project_ws/quin_ws/install/quin_core/share/ament_index/resource_index/packages/quin_core
[3.740s] -- Installing: /home/quin/project_ws/quin_ws/install/quin_core/share/quin_core/cmake/quin_coreConfig.cmake
[3.741s] -- Installing: /home/quin/project_ws/quin_ws/install/quin_core/share/quin_core/cmake/quin_coreConfig-version.cmake
[3.741s] -- Installing: /home/quin/project_ws/quin_ws/install/quin_core/share/quin_core/package.xml
[3.744s] Invoked command in '/home/quin/project_ws/quin_ws/build/quin_core' returned '0': CMAKE_PREFIX_PATH=${CMAKE_PREFIX_PATH}:/opt/ros/jazzy /usr/bin/cmake --install /home/quin/project_ws/quin_ws/build/quin_core
