[0.134s] DEBUG:colcon:Command line arguments: ['/usr/bin/colcon', 'build']
[0.135s] DEBUG:colcon:Parsed command line arguments: Namespace(log_base=None, log_level=None, verb_name='build', build_base='build', install_base='install', merge_install=False, symlink_install=False, test_result_base=None, continue_on_error=False, executor='parallel', parallel_workers=4, event_handlers=None, ignore_user_meta=False, metas=['./colcon.meta'], base_paths=['.'], packages_ignore=None, packages_ignore_regex=None, paths=None, packages_up_to=None, packages_up_to_regex=None, packages_above=None, packages_above_and_dependencies=None, packages_above_depth=None, packages_select_by_dep=None, packages_skip_by_dep=None, packages_skip_up_to=None, packages_select_build_failed=False, packages_skip_build_finished=False, packages_select_test_failures=False, packages_skip_test_passed=False, packages_select=None, packages_skip=None, packages_select_regex=None, packages_skip_regex=None, packages_start=None, packages_end=None, allow_overriding=[], cmake_args=None, cmake_target=None, cmake_target_skip_unavailable=False, cmake_clean_cache=False, cmake_clean_first=False, cmake_force_configure=False, ament_cmake_args=None, catkin_cmake_args=None, catkin_skip_building_tests=False, verb_parser=<colcon_defaults.argument_parser.defaults.DefaultArgumentsDecorator object at 0xffff9428bf20>, verb_extension=<colcon_core.verb.build.BuildVerb object at 0xffff944657f0>, main=<bound method BuildVerb.main of <colcon_core.verb.build.BuildVerb object at 0xffff944657f0>>)
[0.189s] Level 1:colcon.colcon_core.package_discovery:discover_packages(colcon_meta) check parameters
[0.189s] Level 1:colcon.colcon_core.package_discovery:discover_packages(recursive) check parameters
[0.189s] Level 1:colcon.colcon_core.package_discovery:discover_packages(ignore) check parameters
[0.189s] Level 1:colcon.colcon_core.package_discovery:discover_packages(path) check parameters
[0.189s] Level 1:colcon.colcon_core.package_discovery:discover_packages(colcon_meta) discover
[0.190s] Level 1:colcon.colcon_core.package_discovery:discover_packages(recursive) discover
[0.190s] INFO:colcon.colcon_core.package_discovery:Crawling recursively for packages in '/home/quin/project_ws/quin_ws'
[0.190s] Level 1:colcon.colcon_core.package_identification:_identify(.) by extensions ['ignore', 'ignore_ament_install']
[0.190s] Level 1:colcon.colcon_core.package_identification:_identify(.) by extension 'ignore'
[0.190s] Level 1:colcon.colcon_core.package_identification:_identify(.) by extension 'ignore_ament_install'
[0.190s] Level 1:colcon.colcon_core.package_identification:_identify(.) by extensions ['colcon_pkg']
[0.190s] Level 1:colcon.colcon_core.package_identification:_identify(.) by extension 'colcon_pkg'
[0.190s] Level 1:colcon.colcon_core.package_identification:_identify(.) by extensions ['colcon_meta']
[0.190s] Level 1:colcon.colcon_core.package_identification:_identify(.) by extension 'colcon_meta'
[0.190s] Level 1:colcon.colcon_core.package_identification:_identify(.) by extensions ['ros']
[0.190s] Level 1:colcon.colcon_core.package_identification:_identify(.) by extension 'ros'
[0.226s] Level 1:colcon.colcon_core.package_identification:_identify(.) by extensions ['cmake', 'python']
[0.226s] Level 1:colcon.colcon_core.package_identification:_identify(.) by extension 'cmake'
[0.226s] Level 1:colcon.colcon_core.package_identification:_identify(.) by extension 'python'
[0.226s] Level 1:colcon.colcon_core.package_identification:_identify(.) by extensions ['python_setup_py']
[0.226s] Level 1:colcon.colcon_core.package_identification:_identify(.) by extension 'python_setup_py'
[0.226s] Level 1:colcon.colcon_core.package_identification:_identify(build) by extensions ['ignore', 'ignore_ament_install']
[0.226s] Level 1:colcon.colcon_core.package_identification:_identify(build) by extension 'ignore'
[0.226s] Level 1:colcon.colcon_core.package_identification:_identify(build) ignored
[0.227s] Level 1:colcon.colcon_core.package_identification:_identify(install) by extensions ['ignore', 'ignore_ament_install']
[0.227s] Level 1:colcon.colcon_core.package_identification:_identify(install) by extension 'ignore'
[0.227s] Level 1:colcon.colcon_core.package_identification:_identify(install) ignored
[0.227s] Level 1:colcon.colcon_core.package_identification:_identify(log) by extensions ['ignore', 'ignore_ament_install']
[0.227s] Level 1:colcon.colcon_core.package_identification:_identify(log) by extension 'ignore'
[0.227s] Level 1:colcon.colcon_core.package_identification:_identify(log) ignored
[0.227s] Level 1:colcon.colcon_core.package_identification:_identify(src) by extensions ['ignore', 'ignore_ament_install']
[0.227s] Level 1:colcon.colcon_core.package_identification:_identify(src) by extension 'ignore'
[0.227s] Level 1:colcon.colcon_core.package_identification:_identify(src) by extension 'ignore_ament_install'
[0.227s] Level 1:colcon.colcon_core.package_identification:_identify(src) by extensions ['colcon_pkg']
[0.227s] Level 1:colcon.colcon_core.package_identification:_identify(src) by extension 'colcon_pkg'
[0.227s] Level 1:colcon.colcon_core.package_identification:_identify(src) by extensions ['colcon_meta']
[0.227s] Level 1:colcon.colcon_core.package_identification:_identify(src) by extension 'colcon_meta'
[0.228s] Level 1:colcon.colcon_core.package_identification:_identify(src) by extensions ['ros']
[0.228s] Level 1:colcon.colcon_core.package_identification:_identify(src) by extension 'ros'
[0.228s] Level 1:colcon.colcon_core.package_identification:_identify(src) by extensions ['cmake', 'python']
[0.228s] Level 1:colcon.colcon_core.package_identification:_identify(src) by extension 'cmake'
[0.228s] Level 1:colcon.colcon_core.package_identification:_identify(src) by extension 'python'
[0.228s] Level 1:colcon.colcon_core.package_identification:_identify(src) by extensions ['python_setup_py']
[0.228s] Level 1:colcon.colcon_core.package_identification:_identify(src) by extension 'python_setup_py'
[0.228s] Level 1:colcon.colcon_core.package_identification:_identify(src/build) by extensions ['ignore', 'ignore_ament_install']
[0.228s] Level 1:colcon.colcon_core.package_identification:_identify(src/build) by extension 'ignore'
[0.228s] Level 1:colcon.colcon_core.package_identification:_identify(src/build) ignored
[0.228s] Level 1:colcon.colcon_core.package_identification:_identify(src/install) by extensions ['ignore', 'ignore_ament_install']
[0.228s] Level 1:colcon.colcon_core.package_identification:_identify(src/install) by extension 'ignore'
[0.228s] Level 1:colcon.colcon_core.package_identification:_identify(src/install) ignored
[0.228s] Level 1:colcon.colcon_core.package_identification:_identify(src/log) by extensions ['ignore', 'ignore_ament_install']
[0.228s] Level 1:colcon.colcon_core.package_identification:_identify(src/log) by extension 'ignore'
[0.229s] Level 1:colcon.colcon_core.package_identification:_identify(src/log) ignored
[0.229s] Level 1:colcon.colcon_core.package_identification:_identify(src/quin_core) by extensions ['ignore', 'ignore_ament_install']
[0.229s] Level 1:colcon.colcon_core.package_identification:_identify(src/quin_core) by extension 'ignore'
[0.229s] Level 1:colcon.colcon_core.package_identification:_identify(src/quin_core) by extension 'ignore_ament_install'
[0.229s] Level 1:colcon.colcon_core.package_identification:_identify(src/quin_core) by extensions ['colcon_pkg']
[0.229s] Level 1:colcon.colcon_core.package_identification:_identify(src/quin_core) by extension 'colcon_pkg'
[0.229s] Level 1:colcon.colcon_core.package_identification:_identify(src/quin_core) by extensions ['colcon_meta']
[0.229s] Level 1:colcon.colcon_core.package_identification:_identify(src/quin_core) by extension 'colcon_meta'
[0.229s] Level 1:colcon.colcon_core.package_identification:_identify(src/quin_core) by extensions ['ros']
[0.229s] Level 1:colcon.colcon_core.package_identification:_identify(src/quin_core) by extension 'ros'
[0.235s] DEBUG:colcon.colcon_core.package_identification:Package 'src/quin_core' with type 'ros.ament_cmake' and name 'quin_core'
[0.235s] Level 1:colcon.colcon_core.package_discovery:discover_packages(recursive) using defaults
[0.235s] Level 1:colcon.colcon_core.package_discovery:discover_packages(ignore) discover
[0.235s] Level 1:colcon.colcon_core.package_discovery:discover_packages(ignore) using defaults
[0.235s] Level 1:colcon.colcon_core.package_discovery:discover_packages(path) discover
[0.235s] Level 1:colcon.colcon_core.package_discovery:discover_packages(path) using defaults
[0.258s] Level 1:colcon.colcon_core.package_discovery:discover_packages(prefix_path) check parameters
[0.258s] Level 1:colcon.colcon_core.package_discovery:discover_packages(prefix_path) discover
[0.260s] DEBUG:colcon.colcon_installed_package_information.package_discovery:Found 1 installed packages in /home/quin/project_ws/quin_ws/install
[0.260s] DEBUG:colcon.colcon_installed_package_information.package_discovery:Found 3 installed packages in /home/quin/uros_ws/install
[0.262s] DEBUG:colcon.colcon_installed_package_information.package_discovery:Found 207 installed packages in /opt/ros/jazzy
[0.263s] Level 1:colcon.colcon_core.package_discovery:discover_packages(prefix_path) using defaults
[0.306s] Level 5:colcon.colcon_core.verb:set package 'quin_core' build argument 'cmake_args' from command line to 'None'
[0.306s] Level 5:colcon.colcon_core.verb:set package 'quin_core' build argument 'cmake_target' from command line to 'None'
[0.306s] Level 5:colcon.colcon_core.verb:set package 'quin_core' build argument 'cmake_target_skip_unavailable' from command line to 'False'
[0.306s] Level 5:colcon.colcon_core.verb:set package 'quin_core' build argument 'cmake_clean_cache' from command line to 'False'
[0.306s] Level 5:colcon.colcon_core.verb:set package 'quin_core' build argument 'cmake_clean_first' from command line to 'False'
[0.306s] Level 5:colcon.colcon_core.verb:set package 'quin_core' build argument 'cmake_force_configure' from command line to 'False'
[0.306s] Level 5:colcon.colcon_core.verb:set package 'quin_core' build argument 'ament_cmake_args' from command line to 'None'
[0.306s] Level 5:colcon.colcon_core.verb:set package 'quin_core' build argument 'catkin_cmake_args' from command line to 'None'
[0.306s] Level 5:colcon.colcon_core.verb:set package 'quin_core' build argument 'catkin_skip_building_tests' from command line to 'False'
[0.306s] DEBUG:colcon.colcon_core.verb:Building package 'quin_core' with the following arguments: {'ament_cmake_args': None, 'build_base': '/home/quin/project_ws/quin_ws/build/quin_core', 'catkin_cmake_args': None, 'catkin_skip_building_tests': False, 'cmake_args': None, 'cmake_clean_cache': False, 'cmake_clean_first': False, 'cmake_force_configure': False, 'cmake_target': None, 'cmake_target_skip_unavailable': False, 'install_base': '/home/quin/project_ws/quin_ws/install/quin_core', 'merge_install': False, 'path': '/home/quin/project_ws/quin_ws/src/quin_core', 'symlink_install': False, 'test_result_base': None}
[0.306s] INFO:colcon.colcon_core.executor:Executing jobs using 'parallel' executor
[0.307s] DEBUG:colcon.colcon_parallel_executor.executor.parallel:run_until_complete
[0.308s] INFO:colcon.colcon_ros.task.ament_cmake.build:Building ROS package in '/home/quin/project_ws/quin_ws/src/quin_core' with build type 'ament_cmake'
[0.308s] INFO:colcon.colcon_cmake.task.cmake.build:Building CMake package in '/home/quin/project_ws/quin_ws/src/quin_core'
[0.310s] INFO:colcon.colcon_core.plugin_system:Skipping extension 'colcon_core.shell.bat': Not used on non-Windows systems
[0.310s] INFO:colcon.colcon_core.shell:Skip shell extension 'powershell' for command environment: Not usable outside of PowerShell
[0.311s] DEBUG:colcon.colcon_core.shell:Skip shell extension 'dsv' for command environment
[0.323s] DEBUG:colcon.colcon_core.event_handler.log_command:Invoking command in '/home/quin/project_ws/quin_ws/build/quin_core': CMAKE_PREFIX_PATH=${CMAKE_PREFIX_PATH}:/opt/ros/jazzy /usr/bin/cmake --build /home/quin/project_ws/quin_ws/build/quin_core -- -j4 -l4
[0.882s] DEBUG:colcon.colcon_core.event_handler.log_command:Invoked command in '/home/quin/project_ws/quin_ws/build/quin_core' returned '0': CMAKE_PREFIX_PATH=${CMAKE_PREFIX_PATH}:/opt/ros/jazzy /usr/bin/cmake --build /home/quin/project_ws/quin_ws/build/quin_core -- -j4 -l4
[0.898s] DEBUG:colcon.colcon_core.event_handler.log_command:Invoking command in '/home/quin/project_ws/quin_ws/build/quin_core': CMAKE_PREFIX_PATH=${CMAKE_PREFIX_PATH}:/opt/ros/jazzy /usr/bin/cmake --install /home/quin/project_ws/quin_ws/build/quin_core
[0.977s] Level 1:colcon.colcon_core.environment:create_environment_scripts_only(quin_core)
[0.979s] DEBUG:colcon.colcon_core.event_handler.log_command:Invoked command in '/home/quin/project_ws/quin_ws/build/quin_core' returned '0': CMAKE_PREFIX_PATH=${CMAKE_PREFIX_PATH}:/opt/ros/jazzy /usr/bin/cmake --install /home/quin/project_ws/quin_ws/build/quin_core
[0.980s] Level 1:colcon.colcon_core.environment:checking '/home/quin/project_ws/quin_ws/install/quin_core' for CMake module files
[0.981s] Level 1:colcon.colcon_core.environment:checking '/home/quin/project_ws/quin_ws/install/quin_core' for CMake config files
[0.982s] Level 1:colcon.colcon_core.shell:create_environment_hook('quin_core', 'cmake_prefix_path')
[0.982s] INFO:colcon.colcon_core.shell:Creating environment hook '/home/quin/project_ws/quin_ws/install/quin_core/share/quin_core/hook/cmake_prefix_path.ps1'
[0.983s] INFO:colcon.colcon_core.shell:Creating environment descriptor '/home/quin/project_ws/quin_ws/install/quin_core/share/quin_core/hook/cmake_prefix_path.dsv'
[0.984s] INFO:colcon.colcon_core.shell:Creating environment hook '/home/quin/project_ws/quin_ws/install/quin_core/share/quin_core/hook/cmake_prefix_path.sh'
[0.985s] Level 1:colcon.colcon_core.environment:checking '/home/quin/project_ws/quin_ws/install/quin_core/lib'
[0.985s] Level 1:colcon.colcon_core.environment:checking '/home/quin/project_ws/quin_ws/install/quin_core/bin'
[0.985s] Level 1:colcon.colcon_core.environment:checking '/home/quin/project_ws/quin_ws/install/quin_core/lib/pkgconfig/quin_core.pc'
[0.985s] Level 1:colcon.colcon_core.environment:checking '/home/quin/project_ws/quin_ws/install/quin_core/lib/python3.12/site-packages'
[0.986s] Level 1:colcon.colcon_core.shell:create_environment_hook('quin_core', 'pythonpath')
[0.986s] INFO:colcon.colcon_core.shell:Creating environment hook '/home/quin/project_ws/quin_ws/install/quin_core/share/quin_core/hook/pythonpath.ps1'
[0.986s] INFO:colcon.colcon_core.shell:Creating environment descriptor '/home/quin/project_ws/quin_ws/install/quin_core/share/quin_core/hook/pythonpath.dsv'
[0.987s] INFO:colcon.colcon_core.shell:Creating environment hook '/home/quin/project_ws/quin_ws/install/quin_core/share/quin_core/hook/pythonpath.sh'
[0.988s] Level 1:colcon.colcon_core.environment:checking '/home/quin/project_ws/quin_ws/install/quin_core/bin'
[0.989s] INFO:colcon.colcon_core.shell:Creating package script '/home/quin/project_ws/quin_ws/install/quin_core/share/quin_core/package.ps1'
[0.990s] INFO:colcon.colcon_core.shell:Creating package descriptor '/home/quin/project_ws/quin_ws/install/quin_core/share/quin_core/package.dsv'
[0.990s] INFO:colcon.colcon_core.shell:Creating package script '/home/quin/project_ws/quin_ws/install/quin_core/share/quin_core/package.sh'
[0.991s] INFO:colcon.colcon_core.shell:Creating package script '/home/quin/project_ws/quin_ws/install/quin_core/share/quin_core/package.bash'
[0.992s] INFO:colcon.colcon_core.shell:Creating package script '/home/quin/project_ws/quin_ws/install/quin_core/share/quin_core/package.zsh'
[0.993s] Level 1:colcon.colcon_core.environment:create_file_with_runtime_dependencies(/home/quin/project_ws/quin_ws/install/quin_core/share/colcon-core/packages/quin_core)
[0.994s] Level 1:colcon.colcon_core.environment:create_environment_scripts_only(quin_core)
[0.995s] Level 1:colcon.colcon_core.environment:checking '/home/quin/project_ws/quin_ws/install/quin_core' for CMake module files
[0.995s] Level 1:colcon.colcon_core.environment:checking '/home/quin/project_ws/quin_ws/install/quin_core' for CMake config files
[0.996s] Level 1:colcon.colcon_core.shell:create_environment_hook('quin_core', 'cmake_prefix_path')
[0.996s] INFO:colcon.colcon_core.shell:Creating environment hook '/home/quin/project_ws/quin_ws/install/quin_core/share/quin_core/hook/cmake_prefix_path.ps1'
[0.996s] INFO:colcon.colcon_core.shell:Creating environment descriptor '/home/quin/project_ws/quin_ws/install/quin_core/share/quin_core/hook/cmake_prefix_path.dsv'
[0.997s] INFO:colcon.colcon_core.shell:Creating environment hook '/home/quin/project_ws/quin_ws/install/quin_core/share/quin_core/hook/cmake_prefix_path.sh'
[0.998s] Level 1:colcon.colcon_core.environment:checking '/home/quin/project_ws/quin_ws/install/quin_core/lib'
[0.999s] Level 1:colcon.colcon_core.environment:checking '/home/quin/project_ws/quin_ws/install/quin_core/bin'
[0.999s] Level 1:colcon.colcon_core.environment:checking '/home/quin/project_ws/quin_ws/install/quin_core/lib/pkgconfig/quin_core.pc'
[0.999s] Level 1:colcon.colcon_core.environment:checking '/home/quin/project_ws/quin_ws/install/quin_core/lib/python3.12/site-packages'
[0.999s] Level 1:colcon.colcon_core.shell:create_environment_hook('quin_core', 'pythonpath')
[0.999s] INFO:colcon.colcon_core.shell:Creating environment hook '/home/quin/project_ws/quin_ws/install/quin_core/share/quin_core/hook/pythonpath.ps1'
[1.000s] INFO:colcon.colcon_core.shell:Creating environment descriptor '/home/quin/project_ws/quin_ws/install/quin_core/share/quin_core/hook/pythonpath.dsv'
[1.001s] INFO:colcon.colcon_core.shell:Creating environment hook '/home/quin/project_ws/quin_ws/install/quin_core/share/quin_core/hook/pythonpath.sh'
[1.002s] Level 1:colcon.colcon_core.environment:checking '/home/quin/project_ws/quin_ws/install/quin_core/bin'
[1.002s] INFO:colcon.colcon_core.shell:Creating package script '/home/quin/project_ws/quin_ws/install/quin_core/share/quin_core/package.ps1'
[1.003s] INFO:colcon.colcon_core.shell:Creating package descriptor '/home/quin/project_ws/quin_ws/install/quin_core/share/quin_core/package.dsv'
[1.004s] INFO:colcon.colcon_core.shell:Creating package script '/home/quin/project_ws/quin_ws/install/quin_core/share/quin_core/package.sh'
[1.004s] INFO:colcon.colcon_core.shell:Creating package script '/home/quin/project_ws/quin_ws/install/quin_core/share/quin_core/package.bash'
[1.005s] INFO:colcon.colcon_core.shell:Creating package script '/home/quin/project_ws/quin_ws/install/quin_core/share/quin_core/package.zsh'
[1.006s] Level 1:colcon.colcon_core.environment:create_file_with_runtime_dependencies(/home/quin/project_ws/quin_ws/install/quin_core/share/colcon-core/packages/quin_core)
[1.009s] DEBUG:colcon.colcon_parallel_executor.executor.parallel:closing loop
[1.010s] DEBUG:colcon.colcon_parallel_executor.executor.parallel:loop closed
[1.010s] DEBUG:colcon.colcon_parallel_executor.executor.parallel:run_until_complete finished with '0'
[1.010s] DEBUG:colcon.colcon_core.event_reactor:joining thread
[1.017s] INFO:colcon.colcon_core.plugin_system:Skipping extension 'colcon_notification.desktop_notification.notify_send': Could not find 'notify-send'
[1.017s] INFO:colcon.colcon_core.plugin_system:Skipping extension 'colcon_notification.desktop_notification.terminal_notifier': Not used on non-Darwin systems
[1.018s] INFO:colcon.colcon_core.plugin_system:Skipping extension 'colcon_notification.desktop_notification.win32': Not used on non-Windows systems
[1.018s] INFO:colcon.colcon_notification.desktop_notification:Sending desktop notification using 'notify2'
[1.019s] DEBUG:colcon.colcon_notification.desktop_notification.notify2:Failed to initialize notify2: org.freedesktop.DBus.Error.ServiceUnknown: The name org.freedesktop.Notifications was not provided by any .service files
[1.019s] DEBUG:colcon.colcon_core.event_reactor:joined thread
[1.019s] INFO:colcon.colcon_core.shell:Creating prefix script '/home/quin/project_ws/quin_ws/install/local_setup.ps1'
[1.020s] INFO:colcon.colcon_core.shell:Creating prefix util module '/home/quin/project_ws/quin_ws/install/_local_setup_util_ps1.py'
[1.023s] INFO:colcon.colcon_core.shell:Creating prefix chain script '/home/quin/project_ws/quin_ws/install/setup.ps1'
[1.025s] INFO:colcon.colcon_core.shell:Creating prefix script '/home/quin/project_ws/quin_ws/install/local_setup.sh'
[1.026s] INFO:colcon.colcon_core.shell:Creating prefix util module '/home/quin/project_ws/quin_ws/install/_local_setup_util_sh.py'
[1.026s] INFO:colcon.colcon_core.shell:Creating prefix chain script '/home/quin/project_ws/quin_ws/install/setup.sh'
[1.028s] INFO:colcon.colcon_core.shell:Creating prefix script '/home/quin/project_ws/quin_ws/install/local_setup.bash'
[1.029s] INFO:colcon.colcon_core.shell:Creating prefix chain script '/home/quin/project_ws/quin_ws/install/setup.bash'
[1.030s] INFO:colcon.colcon_core.shell:Creating prefix script '/home/quin/project_ws/quin_ws/install/local_setup.zsh'
[1.031s] INFO:colcon.colcon_core.shell:Creating prefix chain script '/home/quin/project_ws/quin_ws/install/setup.zsh'
